#
# A fatal error has been detected by the Java Runtime Environment:
#
#  EXCEPTION_ACCESS_VIOLATION (0xc0000005) at pc=0x0000000000992547, pid=20452, tid=6812
#
# JRE version: Java(TM) SE Runtime Environment (17.0.8+9) (build 17.0.8+9-LTS-211)
# Java VM: Java HotSpot(TM) 64-Bit Server VM (17.0.8+9-LTS-211, mixed mode, sharing, tiered, compressed oops, compressed class ptrs, g1 gc, windows-amd64)
# Problematic frame:
# C  [libtesseract52.dll+0x12547]
#
# No core dump will be written. Minidumps are not enabled by default on client versions of Windows
#
# If you would like to submit a bug report, please visit:
#   https://bugreport.java.com/bugreport/crash.jsp
# The crash happened outside the Java Virtual Machine in native code.
# See problematic frame for where to report the bug.
#

---------------  S U M M A R Y ------------

Command Line: tess.tesseractReader.TesseractApi

Host: AMD Ryzen 5 5600H with Radeon Graphics         , 12 cores, 15G,  Windows 11 , 64 bit Build 22000 (10.0.22000.318)
Time: Mon Jul 31 10:57:53 2023 SE Asia Standard Time elapsed time: 4.794643 seconds (0d 0h 0m 4s)

---------------  T H R E A D  ---------------

Current thread (0x00000144f7500ef0):  JavaThread "http-nio-12345-exec-1" daemon [_thread_in_native, id=6812, stack(0x0000001e6e200000,0x0000001e6e300000)]

Stack: [0x0000001e6e200000,0x0000001e6e300000],  sp=0x0000001e6e2fc7c0,  free space=1009k
Native frames: (J=compiled Java code, j=interpreted, Vv=VM code, C=native code)
C  [libtesseract52.dll+0x12547]

Java frames: (J=compiled Java code, j=interpreted, Vv=VM code)
j  org.bytedeco.tesseract.TessBaseAPI.GetUTF8Text()Lorg/bytedeco/javacpp/BytePointer;+0
j  tess.tesseractReader.service.TessReaderService.readPIXImage(Lorg/bytedeco/leptonica/PIX;Ljava/util/Map;)Ljava/lang/String;+30
j  tess.tesseractReader.controller.ReaderController.readCustom(Ljava/util/Map;Ljava/lang/String;Lorg/springframework/web/multipart/MultipartFile;)Ljava/lang/String;+50
v  ~StubRoutines::call_stub
j  jdk.internal.reflect.NativeMethodAccessorImpl.invoke0(Ljava/lang/reflect/Method;Ljava/lang/Object;[Ljava/lang/Object;)Ljava/lang/Object;+0 java.base@17.0.8
j  jdk.internal.reflect.NativeMethodAccessorImpl.invoke(Ljava/lang/Object;[Ljava/lang/Object;)Ljava/lang/Object;+133 java.base@17.0.8
j  jdk.internal.reflect.DelegatingMethodAccessorImpl.invoke(Ljava/lang/Object;[Ljava/lang/Object;)Ljava/lang/Object;+6 java.base@17.0.8
j  java.lang.reflect.Method.invoke(Ljava/lang/Object;[Ljava/lang/Object;)Ljava/lang/Object;+59 java.base@17.0.8
j  org.springframework.web.method.support.InvocableHandlerMethod.doInvoke([Ljava/lang/Object;)Ljava/lang/Object;+29
j  org.springframework.web.method.support.InvocableHandlerMethod.invokeForRequest(Lorg/springframework/web/context/request/NativeWebRequest;Lorg/springframework/web/method/support/ModelAndViewContainer;[Ljava/lang/Object;)Ljava/lang/Object;+41
j  org.springframework.web.servlet.mvc.method.annotation.ServletInvocableHandlerMethod.invokeAndHandle(Lorg/springframework/web/context/request/ServletWebRequest;Lorg/springframework/web/method/support/ModelAndViewContainer;[Ljava/lang/Object;)V+4
j  org.springframework.web.servlet.mvc.method.annotation.RequestMappingHandlerAdapter.invokeHandlerMethod(Ljakarta/servlet/http/HttpServletRequest;Ljakarta/servlet/http/HttpServletResponse;Lorg/springframework/web/method/HandlerMethod;)Lorg/springframework/web/servlet/ModelAndView;+244
j  org.springframework.web.servlet.mvc.method.annotation.RequestMappingHandlerAdapter.handleInternal(Ljakarta/servlet/http/HttpServletRequest;Ljakarta/servlet/http/HttpServletResponse;Lorg/springframework/web/method/HandlerMethod;)Lorg/springframework/web/servlet/ModelAndView;+81
j  org.springframework.web.servlet.mvc.method.AbstractHandlerMethodAdapter.handle(Ljakarta/servlet/http/HttpServletRequest;Ljakarta/servlet/http/HttpServletResponse;Ljava/lang/Object;)Lorg/springframework/web/servlet/ModelAndView;+7
j  org.springframework.web.servlet.DispatcherServlet.doDispatch(Ljakarta/servlet/http/HttpServletRequest;Ljakarta/servlet/http/HttpServletResponse;)V+259
j  org.springframework.web.servlet.DispatcherServlet.doService(Ljakarta/servlet/http/HttpServletRequest;Ljakarta/servlet/http/HttpServletResponse;)V+242
j  org.springframework.web.servlet.FrameworkServlet.processRequest(Ljakarta/servlet/http/HttpServletRequest;Ljakarta/servlet/http/HttpServletResponse;)V+70
j  org.springframework.web.servlet.FrameworkServlet.doPost(Ljakarta/servlet/http/HttpServletRequest;Ljakarta/servlet/http/HttpServletResponse;)V+3
j  jakarta.servlet.http.HttpServlet.service(Ljakarta/servlet/http/HttpServletRequest;Ljakarta/servlet/http/HttpServletResponse;)V+149
j  org.springframework.web.servlet.FrameworkServlet.service(Ljakarta/servlet/http/HttpServletRequest;Ljakarta/servlet/http/HttpServletResponse;)V+20
j  jakarta.servlet.http.HttpServlet.service(Ljakarta/servlet/ServletRequest;Ljakarta/servlet/ServletResponse;)V+36
j  org.apache.catalina.core.ApplicationFilterChain.internalDoFilter(Ljakarta/servlet/ServletRequest;Ljakarta/servlet/ServletResponse;)V+305
j  org.apache.catalina.core.ApplicationFilterChain.doFilter(Ljakarta/servlet/ServletRequest;Ljakarta/servlet/ServletResponse;)V+99
j  org.apache.tomcat.websocket.server.WsFilter.doFilter(Ljakarta/servlet/ServletRequest;Ljakarta/servlet/ServletResponse;Ljakarta/servlet/FilterChain;)V+21
j  org.apache.catalina.core.ApplicationFilterChain.internalDoFilter(Ljakarta/servlet/ServletRequest;Ljakarta/servlet/ServletResponse;)V+135
j  org.apache.catalina.core.ApplicationFilterChain.doFilter(Ljakarta/servlet/ServletRequest;Ljakarta/servlet/ServletResponse;)V+99
j  org.springframework.web.filter.RequestContextFilter.doFilterInternal(Ljakarta/servlet/http/HttpServletRequest;Ljakarta/servlet/http/HttpServletResponse;Ljakarta/servlet/FilterChain;)V+21
j  org.springframework.web.filter.OncePerRequestFilter.doFilter(Ljakarta/servlet/ServletRequest;Ljakarta/servlet/ServletResponse;Ljakarta/servlet/FilterChain;)V+150
j  org.apache.catalina.core.ApplicationFilterChain.internalDoFilter(Ljakarta/servlet/ServletRequest;Ljakarta/servlet/ServletResponse;)V+135
j  org.apache.catalina.core.ApplicationFilterChain.doFilter(Ljakarta/servlet/ServletRequest;Ljakarta/servlet/ServletResponse;)V+99
j  org.springframework.web.filter.FormContentFilter.doFilterInternal(Ljakarta/servlet/http/HttpServletRequest;Ljakarta/servlet/http/HttpServletResponse;Ljakarta/servlet/FilterChain;)V+38
j  org.springframework.web.filter.OncePerRequestFilter.doFilter(Ljakarta/servlet/ServletRequest;Ljakarta/servlet/ServletResponse;Ljakarta/servlet/FilterChain;)V+150
j  org.apache.catalina.core.ApplicationFilterChain.internalDoFilter(Ljakarta/servlet/ServletRequest;Ljakarta/servlet/ServletResponse;)V+135
j  org.apache.catalina.core.ApplicationFilterChain.doFilter(Ljakarta/servlet/ServletRequest;Ljakarta/servlet/ServletResponse;)V+99
j  org.springframework.web.filter.CharacterEncodingFilter.doFilterInternal(Ljakarta/servlet/http/HttpServletRequest;Ljakarta/servlet/http/HttpServletResponse;Ljakarta/servlet/FilterChain;)V+53
j  org.springframework.web.filter.OncePerRequestFilter.doFilter(Ljakarta/servlet/ServletRequest;Ljakarta/servlet/ServletResponse;Ljakarta/servlet/FilterChain;)V+150
j  org.apache.catalina.core.ApplicationFilterChain.internalDoFilter(Ljakarta/servlet/ServletRequest;Ljakarta/servlet/ServletResponse;)V+135
j  org.apache.catalina.core.ApplicationFilterChain.doFilter(Ljakarta/servlet/ServletRequest;Ljakarta/servlet/ServletResponse;)V+99
j  org.apache.catalina.core.StandardWrapperValve.invoke(Lorg/apache/catalina/connector/Request;Lorg/apache/catalina/connector/Response;)V+514
j  org.apache.catalina.core.StandardContextValve.invoke(Lorg/apache/catalina/connector/Request;Lorg/apache/catalina/connector/Response;)V+169
j  org.apache.catalina.authenticator.AuthenticatorBase.invoke(Lorg/apache/catalina/connector/Request;Lorg/apache/catalina/connector/Response;)V+218
j  org.apache.catalina.core.StandardHostValve.invoke(Lorg/apache/catalina/connector/Request;Lorg/apache/catalina/connector/Response;)V+131
j  org.apache.catalina.valves.ErrorReportValve.invoke(Lorg/apache/catalina/connector/Request;Lorg/apache/catalina/connector/Response;)V+6
j  org.apache.catalina.core.StandardEngineValve.invoke(Lorg/apache/catalina/connector/Request;Lorg/apache/catalina/connector/Response;)V+59
j  org.apache.catalina.connector.CoyoteAdapter.service(Lorg/apache/coyote/Request;Lorg/apache/coyote/Response;)V+187
j  org.apache.coyote.http11.Http11Processor.service(Lorg/apache/tomcat/util/net/SocketWrapperBase;)Lorg/apache/tomcat/util/net/AbstractEndpoint$Handler$SocketState;+785
j  org.apache.coyote.AbstractProcessorLight.process(Lorg/apache/tomcat/util/net/SocketWrapperBase;Lorg/apache/tomcat/util/net/SocketEvent;)Lorg/apache/tomcat/util/net/AbstractEndpoint$Handler$SocketState;+152
j  org.apache.coyote.AbstractProtocol$ConnectionHandler.process(Lorg/apache/tomcat/util/net/SocketWrapperBase;Lorg/apache/tomcat/util/net/SocketEvent;)Lorg/apache/tomcat/util/net/AbstractEndpoint$Handler$SocketState;+482
j  org.apache.tomcat.util.net.NioEndpoint$SocketProcessor.doRun()V+249
j  org.apache.tomcat.util.net.SocketProcessorBase.run()V+32
j  org.apache.tomcat.util.threads.ThreadPoolExecutor.runWorker(Lorg/apache/tomcat/util/threads/ThreadPoolExecutor$Worker;)V+92
j  org.apache.tomcat.util.threads.ThreadPoolExecutor$Worker.run()V+5
j  org.apache.tomcat.util.threads.TaskThread$WrappingRunnable.run()V+4
j  java.lang.Thread.run()V+11 java.base@17.0.8
v  ~StubRoutines::call_stub

siginfo: EXCEPTION_ACCESS_VIOLATION (0xc0000005), reading address 0x000000000000000c


Register to memory mapping:

RIP=0x0000000000992547 libtesseract52.dll
RAX=0x0 is NULL
RBX=0x00000144fae40080 points into unknown readable memory: 0x0000000000c62bd0 | d0 2b c6 00 00 00 00 00
RCX=0x0000001e6e2fc8e0 is pointing into the stack for thread: 0x00000144f7500ef0
RDX=0x00000144fb1a0c30 points into unknown readable memory: 0x00000144fb1a0ff0 | f0 0f 1a fb 44 01 00 00
RSP=0x0000001e6e2fc7c0 is pointing into the stack for thread: 0x00000144f7500ef0
RBP=0x0 is NULL
RSI=0x0000001e6e2fc830 is pointing into the stack for thread: 0x00000144f7500ef0
RDI=0x00000144b0f26950 points into unknown readable memory: 0x0000000000000000 | 00 00 00 00 00 00 00 00
R8 =0x00000144fb1a0e10 points into unknown readable memory: 0x00000144fb1a0c30 | 30 0c 1a fb 44 01 00 00
R9 =0x0 is NULL
R10=0x0 is NULL
R11=0x0 is NULL
R12=0x00000144fae40080 points into unknown readable memory: 0x0000000000c62bd0 | d0 2b c6 00 00 00 00 00
R13=0x00000144b0f0b160 points into unknown readable memory: 0x0000000000c61690 | 90 16 c6 00 00 00 00 00
R14=0x0 is NULL
R15=0x00000144b0f26950 points into unknown readable memory: 0x0000000000000000 | 00 00 00 00 00 00 00 00


Registers:
RAX=0x0000000000000000, RBX=0x00000144fae40080, RCX=0x0000001e6e2fc8e0, RDX=0x00000144fb1a0c30
RSP=0x0000001e6e2fc7c0, RBP=0x0000000000000000, RSI=0x0000001e6e2fc830, RDI=0x00000144b0f26950
R8 =0x00000144fb1a0e10, R9 =0x0000000000000000, R10=0x0000000000000000, R11=0x0000000000000000
R12=0x00000144fae40080, R13=0x00000144b0f0b160, R14=0x0000000000000000, R15=0x00000144b0f26950
RIP=0x0000000000992547, EFLAGS=0x0000000000010246

Top of Stack: (sp=0x0000001e6e2fc7c0)
0x0000001e6e2fc7c0:   00000144fb1a23c0 00000144fb1a23c0
0x0000001e6e2fc7d0:   044f03130000030f 01fb029700000000
0x0000001e6e2fc7e0:   00000144b0f26858 00000144b0f268f0
0x0000001e6e2fc7f0:   00000144b0f268f0 00000144b0f268f0
0x0000001e6e2fc800:   00000144b0f268f0 00000144fa010000
0x0000001e6e2fc810:   000000070a53f8f8 0000000000000000
0x0000001e6e2fc820:   0000000000000033 0000000000000000
0x0000001e6e2fc830:   00000144b0f26950 0000000000000000
0x0000001e6e2fc840:   0000000000000000 0000000000000000
0x0000001e6e2fc850:   00000144fb1a0e10 00000144fae7a2a0
0x0000001e6e2fc860:   00000144b0f58430 00000144fae6e230
0x0000001e6e2fc870:   00000144fae7a2a0 00000144b0f58430
0x0000001e6e2fc880:   00000144b0f26958 00000144faecb5e0
0x0000001e6e2fc890:   00000144b0f58430 00000144b0f583b0
0x0000001e6e2fc8a0:   00000144b0f58430 0000000000000000
0x0000001e6e2fc8b0:   00000144b0f58458 00000144fae7aa20 

Instructions: (pc=0x0000000000992547)
0x0000000000992447:   84 24 90 00 00 00 48 85 c0 74 7e 48 8b 94 24 a0
0x0000000000992457:   00 00 00 48 8b 52 08 48 85 d2 74 04 48 8b 52 08
0x0000000000992467:   48 8b 80 20 01 00 00 48 85 c0 74 bd 8b 48 74 85
0x0000000000992477:   c9 74 b6 48 8b 40 10 83 e9 01 48 8d 4c 88 04 66
0x0000000000992487:   2e 0f 1f 84 00 00 00 00 00 44 8b 00 45 85 c0 75
0x0000000000992497:   a0 48 83 c0 04 48 39 c1 75 ef 48 85 d2 74 8a 8b
0x00000000009924a7:   42 10 8d 50 ff 83 fa 02 0f 86 7b ff ff ff 83 e8
0x00000000009924b7:   05 83 f8 03 0f 86 6f ff ff ff e9 72 ff ff ff 66
0x00000000009924c7:   2e 0f 1f 84 00 00 00 00 00 48 85 ed 74 09 b8 64
0x00000000009924d7:   00 00 00 66 89 45 02 41 bd 01 00 00 00 44 89 e8
0x00000000009924e7:   48 81 c4 b8 01 00 00 5b 5e 5f 5d 41 5c 41 5d 41
0x00000000009924f7:   5e 41 5f c3 0f 1f 44 00 00 48 85 ed 0f 84 f7 01
0x0000000000992507:   00 00 4c 8b 84 24 18 02 00 00 48 89 f2 48 89 d9
0x0000000000992517:   e8 44 ab 01 00 e9 db fe ff ff 0f 1f 80 00 00 00
0x0000000000992527:   00 31 d2 48 89 f1 e8 7e 98 07 00 8b 83 68 15 00
0x0000000000992537:   00 85 c0 0f 8f 00 02 00 00 48 8b 83 00 0a 00 00
0x0000000000992547:   80 78 0c 00 0f 85 5b 05 00 00 4c 8b b3 68 4b 02
0x0000000000992557:   00 4c 8b ab 60 4b 02 00 4d 39 f5 75 26 eb 42 66
0x0000000000992567:   2e 0f 1f 84 00 00 00 00 00 48 8b 81 00 0a 00 00
0x0000000000992577:   80 78 0c 00 0f 85 cf 01 00 00 49 83 c5 08 4d 39
0x0000000000992587:   ee 74 1e 49 8b 4d 00 44 8b b9 68 15 00 00 45 85
0x0000000000992597:   ff 7e d6 e8 31 71 0b 00 49 83 c5 08 4d 39 ee 75
0x00000000009925a7:   e2 4c 8d 7c 24 50 48 89 7c 24 20 66 0f ef c0 4c
0x00000000009925b7:   8b 8c 24 20 02 00 00 4c 89 7c 24 28 4c 8b 84 24
0x00000000009925c7:   18 02 00 00 ba 01 00 00 00 48 89 d9 48 c7 44 24
0x00000000009925d7:   60 00 00 00 00 0f 29 44 24 50 e8 ea f7 ff ff 44
0x00000000009925e7:   8b a3 a4 3b 02 00 45 85 e4 74 0b 4c 89 fa 48 89
0x00000000009925f7:   d9 e8 53 ee 01 00 48 8b 44 24 58 48 2b 44 24 50
0x0000000000992607:   45 31 db 49 89 f1 48 ba cd cc cc cc cc cc cc cc
0x0000000000992617:   48 c1 f8 04 c7 83 34 4b 02 00 00 00 00 00 49 89
0x0000000000992627:   e8 48 0f af c2 48 89 d9 48 c7 83 24 4b 02 00 00
0x0000000000992637:   00 00 00 ba 01 00 00 00 66 44 89 9b 2c 4b 02 00 


Stack slot to memory mapping:
stack at sp + 0 slots: 0x00000144fb1a23c0 points into unknown readable memory: 0x00000144fb1a23c0 | c0 23 1a fb 44 01 00 00
stack at sp + 1 slots: 0x00000144fb1a23c0 points into unknown readable memory: 0x00000144fb1a23c0 | c0 23 1a fb 44 01 00 00
stack at sp + 2 slots: 0x044f03130000030f is an unknown value
stack at sp + 3 slots: 0x01fb029700000000 is an unknown value
stack at sp + 4 slots: 0x00000144b0f26858 points into unknown readable memory: 0x00000144b0f268f0 | f0 68 f2 b0 44 01 00 00
stack at sp + 5 slots: 0x00000144b0f268f0 points into unknown readable memory: 0x00000144b0f268f0 | f0 68 f2 b0 44 01 00 00
stack at sp + 6 slots: 0x00000144b0f268f0 points into unknown readable memory: 0x00000144b0f268f0 | f0 68 f2 b0 44 01 00 00
stack at sp + 7 slots: 0x00000144b0f268f0 points into unknown readable memory: 0x00000144b0f268f0 | f0 68 f2 b0 44 01 00 00


---------------  P R O C E S S  ---------------

Threads class SMR info:
_java_thread_list=0x00000144f7d2cba0, length=30, elements={
0x00000144b09c93d0, 0x00000144b09c9c90, 0x00000144b09df5a0, 0x00000144b09dfe60,
0x00000144b09e0720, 0x00000144b09e2ff0, 0x00000144b09e3be0, 0x00000144b09e5f60,
0x00000144b09e8480, 0x00000144b0c2b870, 0x00000144b0c34390, 0x00000144b0e47120,
0x00000144f89ee7c0, 0x00000144f8721050, 0x00000144f8721960, 0x00000144f7500ef0,
0x00000144f75030a0, 0x00000144f7503570, 0x00000144f7503a40, 0x00000144f7503f10,
0x00000144f7500550, 0x00000144f7502bd0, 0x00000144f7500a20, 0x00000144f75013c0,
0x00000144f7501890, 0x00000144f7501d60, 0x00000144f7502230, 0x00000144f7502700,
0x00000144f93b6870, 0x00000144f97f2780
}

Java Threads: ( => current thread )
  0x00000144b09c93d0 JavaThread "Reference Handler" daemon [_thread_blocked, id=32, stack(0x0000001e6c600000,0x0000001e6c700000)]
  0x00000144b09c9c90 JavaThread "Finalizer" daemon [_thread_blocked, id=6648, stack(0x0000001e6c700000,0x0000001e6c800000)]
  0x00000144b09df5a0 JavaThread "Signal Dispatcher" daemon [_thread_blocked, id=23080, stack(0x0000001e6c800000,0x0000001e6c900000)]
  0x00000144b09dfe60 JavaThread "Attach Listener" daemon [_thread_blocked, id=4548, stack(0x0000001e6c900000,0x0000001e6ca00000)]
  0x00000144b09e0720 JavaThread "Service Thread" daemon [_thread_blocked, id=16200, stack(0x0000001e6ca00000,0x0000001e6cb00000)]
  0x00000144b09e2ff0 JavaThread "Monitor Deflation Thread" daemon [_thread_blocked, id=9028, stack(0x0000001e6cb00000,0x0000001e6cc00000)]
  0x00000144b09e3be0 JavaThread "C2 CompilerThread0" daemon [_thread_blocked, id=19876, stack(0x0000001e6cc00000,0x0000001e6cd00000)]
  0x00000144b09e5f60 JavaThread "C1 CompilerThread0" daemon [_thread_blocked, id=17024, stack(0x0000001e6cd00000,0x0000001e6ce00000)]
  0x00000144b09e8480 JavaThread "Sweeper thread" daemon [_thread_blocked, id=18512, stack(0x0000001e6ce00000,0x0000001e6cf00000)]
  0x00000144b0c2b870 JavaThread "Notification Thread" daemon [_thread_blocked, id=11600, stack(0x0000001e6cf00000,0x0000001e6d000000)]
  0x00000144b0c34390 JavaThread "Common-Cleaner" daemon [_thread_blocked, id=8268, stack(0x0000001e6d100000,0x0000001e6d200000)]
  0x00000144b0e47120 JavaThread "C2 CompilerThread1" daemon [_thread_blocked, id=22776, stack(0x0000001e6d200000,0x0000001e6d300000)]
  0x00000144f89ee7c0 JavaThread "Catalina-utility-1" [_thread_blocked, id=23252, stack(0x0000001e6df00000,0x0000001e6e000000)]
  0x00000144f8721050 JavaThread "Catalina-utility-2" [_thread_blocked, id=9380, stack(0x0000001e6e000000,0x0000001e6e100000)]
  0x00000144f8721960 JavaThread "container-0" [_thread_blocked, id=20084, stack(0x0000001e6e100000,0x0000001e6e200000)]
=>0x00000144f7500ef0 JavaThread "http-nio-12345-exec-1" daemon [_thread_in_native, id=6812, stack(0x0000001e6e200000,0x0000001e6e300000)]
  0x00000144f75030a0 JavaThread "http-nio-12345-exec-2" daemon [_thread_blocked, id=19956, stack(0x0000001e6e300000,0x0000001e6e400000)]
  0x00000144f7503570 JavaThread "http-nio-12345-exec-3" daemon [_thread_blocked, id=3892, stack(0x0000001e6e400000,0x0000001e6e500000)]
  0x00000144f7503a40 JavaThread "http-nio-12345-exec-4" daemon [_thread_blocked, id=20284, stack(0x0000001e6e500000,0x0000001e6e600000)]
  0x00000144f7503f10 JavaThread "http-nio-12345-exec-5" daemon [_thread_blocked, id=17228, stack(0x0000001e6e600000,0x0000001e6e700000)]
  0x00000144f7500550 JavaThread "http-nio-12345-exec-6" daemon [_thread_blocked, id=18548, stack(0x0000001e6e700000,0x0000001e6e800000)]
  0x00000144f7502bd0 JavaThread "http-nio-12345-exec-7" daemon [_thread_blocked, id=20836, stack(0x0000001e6e800000,0x0000001e6e900000)]
  0x00000144f7500a20 JavaThread "http-nio-12345-exec-8" daemon [_thread_blocked, id=9296, stack(0x0000001e6e900000,0x0000001e6ea00000)]
  0x00000144f75013c0 JavaThread "http-nio-12345-exec-9" daemon [_thread_blocked, id=2648, stack(0x0000001e6ea00000,0x0000001e6eb00000)]
  0x00000144f7501890 JavaThread "http-nio-12345-exec-10" daemon [_thread_blocked, id=20840, stack(0x0000001e6eb00000,0x0000001e6ec00000)]
  0x00000144f7501d60 JavaThread "http-nio-12345-Poller" daemon [_thread_in_native, id=21816, stack(0x0000001e6ec00000,0x0000001e6ed00000)]
  0x00000144f7502230 JavaThread "http-nio-12345-Acceptor" daemon [_thread_in_native, id=13944, stack(0x0000001e6ed00000,0x0000001e6ee00000)]
  0x00000144f7502700 JavaThread "DestroyJavaVM" [_thread_blocked, id=23436, stack(0x0000001e6bf00000,0x0000001e6c000000)]
  0x00000144f93b6870 JavaThread "C2 CompilerThread2" daemon [_thread_blocked, id=21628, stack(0x0000001e6d700000,0x0000001e6d800000)]
  0x00000144f97f2780 JavaThread "JavaCPP Deallocator" daemon [_thread_blocked, id=18200, stack(0x0000001e6ee00000,0x0000001e6ef00000)]

Other Threads:
  0x00000144b09c5320 VMThread "VM Thread" [stack: 0x0000001e6c500000,0x0000001e6c600000] [id=21276]
  0x00000144b0c2c560 WatcherThread [stack: 0x0000001e6d000000,0x0000001e6d100000] [id=18744]
  0x000001448ddc6120 GCTaskThread "GC Thread#0" [stack: 0x0000001e6c000000,0x0000001e6c100000] [id=6980]
  0x00000144f65bdbb0 GCTaskThread "GC Thread#1" [stack: 0x0000001e6d300000,0x0000001e6d400000] [id=21616]
  0x00000144f65bde60 GCTaskThread "GC Thread#2" [stack: 0x0000001e6d400000,0x0000001e6d500000] [id=18912]
  0x00000144f65be110 GCTaskThread "GC Thread#3" [stack: 0x0000001e6d500000,0x0000001e6d600000] [id=4064]
  0x00000144f68ce030 GCTaskThread "GC Thread#4" [stack: 0x0000001e6d600000,0x0000001e6d700000] [id=18888]
  0x00000144f6ccac10 GCTaskThread "GC Thread#5" [stack: 0x0000001e6d800000,0x0000001e6d900000] [id=14904]
  0x00000144f6ba5530 GCTaskThread "GC Thread#6" [stack: 0x0000001e6d900000,0x0000001e6da00000] [id=14776]
  0x00000144f6adcd90 GCTaskThread "GC Thread#7" [stack: 0x0000001e6da00000,0x0000001e6db00000] [id=16008]
  0x00000144f6d85e50 GCTaskThread "GC Thread#8" [stack: 0x0000001e6db00000,0x0000001e6dc00000] [id=9388]
  0x00000144f7f7b540 GCTaskThread "GC Thread#9" [stack: 0x0000001e6dc00000,0x0000001e6dd00000] [id=20856]
  0x000001448ddd9450 ConcurrentGCThread "G1 Main Marker" [stack: 0x0000001e6c100000,0x0000001e6c200000] [id=22536]
  0x000001448dddb490 ConcurrentGCThread "G1 Conc#0" [stack: 0x0000001e6c200000,0x0000001e6c300000] [id=14196]
  0x00000144f7271d90 ConcurrentGCThread "G1 Conc#1" [stack: 0x0000001e6dd00000,0x0000001e6de00000] [id=13936]
  0x00000144f7c50d60 ConcurrentGCThread "G1 Conc#2" [stack: 0x0000001e6de00000,0x0000001e6df00000] [id=22492]
  0x00000144b08834f0 ConcurrentGCThread "G1 Refine#0" [stack: 0x0000001e6c300000,0x0000001e6c400000] [id=10972]
  0x00000144b0884bd0 ConcurrentGCThread "G1 Service" [stack: 0x0000001e6c400000,0x0000001e6c500000] [id=21560]

Threads with active compile tasks:

VM state: not at safepoint (normal execution)

VM Mutex/Monitor currently owned by a thread: None

Heap address: 0x000000070a400000, size: 3932 MB, Compressed Oops mode: Zero based, Oop shift amount: 3

CDS archive(s) mapped at: [0x00000144b1000000-0x00000144b1bd0000-0x00000144b1bd0000), size 12386304, SharedBaseAddress: 0x00000144b1000000, ArchiveRelocationMode: 1.
Compressed class space mapped at: 0x00000144b2000000-0x00000144f2000000, reserved size: 1073741824
Narrow klass base: 0x00000144b1000000, Narrow klass shift: 0, Narrow klass range: 0x100000000

GC Precious Log:
 CPUs: 12 total, 12 available
 Memory: 15724M
 Large Page Support: Disabled
 NUMA Support: Disabled
 Compressed Oops: Enabled (Zero based)
 Heap Region Size: 2M
 Heap Min Capacity: 8M
 Heap Initial Capacity: 246M
 Heap Max Capacity: 3932M
 Pre-touch: Disabled
 Parallel Workers: 10
 Concurrent Workers: 3
 Concurrent Refinement Workers: 10
 Periodic GC: Disabled

Heap:
 garbage-first heap   total 151552K, used 33023K [0x000000070a400000, 0x0000000800000000)
  region size 2048K, 11 young (22528K), 1 survivors (2048K)
 Metaspace       used 31066K, committed 31488K, reserved 1114112K
  class space    used 3767K, committed 3968K, reserved 1048576K

Heap Regions: E=young(eden), S=young(survivor), O=old, HS=humongous(starts), HC=humongous(continues), CS=collection set, F=free, OA=open archive, CA=closed archive, TAMS=top-at-mark-start (previous, next)
|   0|0x000000070a400000, 0x000000070a600000, 0x000000070a600000|100%| O|  |TAMS 0x000000070a600000, 0x000000070a400000| Untracked 
|   1|0x000000070a600000, 0x000000070a800000, 0x000000070a800000|100%| O|  |TAMS 0x000000070a800000, 0x000000070a600000| Untracked 
|   2|0x000000070a800000, 0x000000070a800000, 0x000000070aa00000|  0%| F|  |TAMS 0x000000070a800000, 0x000000070a800000| Untracked 
|   3|0x000000070aa00000, 0x000000070ac00000, 0x000000070ac00000|100%| O|  |TAMS 0x000000070aa00000, 0x000000070aa00000| Untracked 
|   4|0x000000070ac00000, 0x000000070ae00000, 0x000000070ae00000|100%| O|  |TAMS 0x000000070ac00000, 0x000000070ac00000| Untracked 
|   5|0x000000070ae00000, 0x000000070b000000, 0x000000070b000000|100%| O|  |TAMS 0x000000070ae00000, 0x000000070ae00000| Untracked 
|   6|0x000000070b000000, 0x000000070b200000, 0x000000070b200000|100%| O|  |TAMS 0x000000070b000000, 0x000000070b000000| Untracked 
|   7|0x000000070b200000, 0x000000070b200000, 0x000000070b400000|  0%| F|  |TAMS 0x000000070b200000, 0x000000070b200000| Untracked 
|   8|0x000000070b400000, 0x000000070b400000, 0x000000070b600000|  0%| F|  |TAMS 0x000000070b400000, 0x000000070b400000| Untracked 
|   9|0x000000070b600000, 0x000000070b6b5000, 0x000000070b800000| 35%| O|  |TAMS 0x000000070b600000, 0x000000070b600000| Untracked 
|  10|0x000000070b800000, 0x000000070b800000, 0x000000070ba00000|  0%| F|  |TAMS 0x000000070b800000, 0x000000070b800000| Untracked 
|  11|0x000000070ba00000, 0x000000070ba00000, 0x000000070bc00000|  0%| F|  |TAMS 0x000000070ba00000, 0x000000070ba00000| Untracked 
|  12|0x000000070bc00000, 0x000000070bc00000, 0x000000070be00000|  0%| F|  |TAMS 0x000000070bc00000, 0x000000070bc00000| Untracked 
|  13|0x000000070be00000, 0x000000070bf8acb0, 0x000000070c000000| 77%| S|CS|TAMS 0x000000070be00000, 0x000000070be00000| Complete 
|  14|0x000000070c000000, 0x000000070c000000, 0x000000070c200000|  0%| F|  |TAMS 0x000000070c000000, 0x000000070c000000| Untracked 
|  15|0x000000070c200000, 0x000000070c200000, 0x000000070c400000|  0%| F|  |TAMS 0x000000070c200000, 0x000000070c200000| Untracked 
|  16|0x000000070c400000, 0x000000070c400000, 0x000000070c600000|  0%| F|  |TAMS 0x000000070c400000, 0x000000070c400000| Untracked 
|  17|0x000000070c600000, 0x000000070c600000, 0x000000070c800000|  0%| F|  |TAMS 0x000000070c600000, 0x000000070c600000| Untracked 
|  18|0x000000070c800000, 0x000000070c800000, 0x000000070ca00000|  0%| F|  |TAMS 0x000000070c800000, 0x000000070c800000| Untracked 
|  19|0x000000070ca00000, 0x000000070ca00000, 0x000000070cc00000|  0%| F|  |TAMS 0x000000070ca00000, 0x000000070ca00000| Untracked 
|  20|0x000000070cc00000, 0x000000070cc00000, 0x000000070ce00000|  0%| F|  |TAMS 0x000000070cc00000, 0x000000070cc00000| Untracked 
|  21|0x000000070ce00000, 0x000000070ce00000, 0x000000070d000000|  0%| F|  |TAMS 0x000000070ce00000, 0x000000070ce00000| Untracked 
|  22|0x000000070d000000, 0x000000070d000000, 0x000000070d200000|  0%| F|  |TAMS 0x000000070d000000, 0x000000070d000000| Untracked 
|  23|0x000000070d200000, 0x000000070d200000, 0x000000070d400000|  0%| F|  |TAMS 0x000000070d200000, 0x000000070d200000| Untracked 
|  24|0x000000070d400000, 0x000000070d400000, 0x000000070d600000|  0%| F|  |TAMS 0x000000070d400000, 0x000000070d400000| Untracked 
|  25|0x000000070d600000, 0x000000070d600000, 0x000000070d800000|  0%| F|  |TAMS 0x000000070d600000, 0x000000070d600000| Untracked 
|  26|0x000000070d800000, 0x000000070d800000, 0x000000070da00000|  0%| F|  |TAMS 0x000000070d800000, 0x000000070d800000| Untracked 
|  27|0x000000070da00000, 0x000000070da00000, 0x000000070dc00000|  0%| F|  |TAMS 0x000000070da00000, 0x000000070da00000| Untracked 
|  28|0x000000070dc00000, 0x000000070dc00000, 0x000000070de00000|  0%| F|  |TAMS 0x000000070dc00000, 0x000000070dc00000| Untracked 
|  29|0x000000070de00000, 0x000000070de00000, 0x000000070e000000|  0%| F|  |TAMS 0x000000070de00000, 0x000000070de00000| Untracked 
|  30|0x000000070e000000, 0x000000070e000000, 0x000000070e200000|  0%| F|  |TAMS 0x000000070e000000, 0x000000070e000000| Untracked 
|  31|0x000000070e200000, 0x000000070e200000, 0x000000070e400000|  0%| F|  |TAMS 0x000000070e200000, 0x000000070e200000| Untracked 
|  32|0x000000070e400000, 0x000000070e400000, 0x000000070e600000|  0%| F|  |TAMS 0x000000070e400000, 0x000000070e400000| Untracked 
|  33|0x000000070e600000, 0x000000070e600000, 0x000000070e800000|  0%| F|  |TAMS 0x000000070e600000, 0x000000070e600000| Untracked 
|  34|0x000000070e800000, 0x000000070e800000, 0x000000070ea00000|  0%| F|  |TAMS 0x000000070e800000, 0x000000070e800000| Untracked 
|  35|0x000000070ea00000, 0x000000070ea00000, 0x000000070ec00000|  0%| F|  |TAMS 0x000000070ea00000, 0x000000070ea00000| Untracked 
|  36|0x000000070ec00000, 0x000000070ec00000, 0x000000070ee00000|  0%| F|  |TAMS 0x000000070ec00000, 0x000000070ec00000| Untracked 
|  37|0x000000070ee00000, 0x000000070ee00000, 0x000000070f000000|  0%| F|  |TAMS 0x000000070ee00000, 0x000000070ee00000| Untracked 
|  38|0x000000070f000000, 0x000000070f000000, 0x000000070f200000|  0%| F|  |TAMS 0x000000070f000000, 0x000000070f000000| Untracked 
|  39|0x000000070f200000, 0x000000070f200000, 0x000000070f400000|  0%| F|  |TAMS 0x000000070f200000, 0x000000070f200000| Untracked 
|  40|0x000000070f400000, 0x000000070f400000, 0x000000070f600000|  0%| F|  |TAMS 0x000000070f400000, 0x000000070f400000| Untracked 
|  41|0x000000070f600000, 0x000000070f600000, 0x000000070f800000|  0%| F|  |TAMS 0x000000070f600000, 0x000000070f600000| Untracked 
|  42|0x000000070f800000, 0x000000070f800000, 0x000000070fa00000|  0%| F|  |TAMS 0x000000070f800000, 0x000000070f800000| Untracked 
|  43|0x000000070fa00000, 0x000000070fa00000, 0x000000070fc00000|  0%| F|  |TAMS 0x000000070fa00000, 0x000000070fa00000| Untracked 
|  44|0x000000070fc00000, 0x000000070fc00000, 0x000000070fe00000|  0%| F|  |TAMS 0x000000070fc00000, 0x000000070fc00000| Untracked 
|  45|0x000000070fe00000, 0x000000070fe00000, 0x0000000710000000|  0%| F|  |TAMS 0x000000070fe00000, 0x000000070fe00000| Untracked 
|  46|0x0000000710000000, 0x0000000710000000, 0x0000000710200000|  0%| F|  |TAMS 0x0000000710000000, 0x0000000710000000| Untracked 
|  47|0x0000000710200000, 0x0000000710200000, 0x0000000710400000|  0%| F|  |TAMS 0x0000000710200000, 0x0000000710200000| Untracked 
|  48|0x0000000710400000, 0x0000000710400000, 0x0000000710600000|  0%| F|  |TAMS 0x0000000710400000, 0x0000000710400000| Untracked 
|  49|0x0000000710600000, 0x0000000710600000, 0x0000000710800000|  0%| F|  |TAMS 0x0000000710600000, 0x0000000710600000| Untracked 
|  50|0x0000000710800000, 0x0000000710800000, 0x0000000710a00000|  0%| F|  |TAMS 0x0000000710800000, 0x0000000710800000| Untracked 
|  51|0x0000000710a00000, 0x0000000710a00000, 0x0000000710c00000|  0%| F|  |TAMS 0x0000000710a00000, 0x0000000710a00000| Untracked 
|  52|0x0000000710c00000, 0x0000000710c00000, 0x0000000710e00000|  0%| F|  |TAMS 0x0000000710c00000, 0x0000000710c00000| Untracked 
|  53|0x0000000710e00000, 0x0000000710e00000, 0x0000000711000000|  0%| F|  |TAMS 0x0000000710e00000, 0x0000000710e00000| Untracked 
|  54|0x0000000711000000, 0x0000000711000000, 0x0000000711200000|  0%| F|  |TAMS 0x0000000711000000, 0x0000000711000000| Untracked 
|  55|0x0000000711200000, 0x0000000711200000, 0x0000000711400000|  0%| F|  |TAMS 0x0000000711200000, 0x0000000711200000| Untracked 
|  56|0x0000000711400000, 0x0000000711400000, 0x0000000711600000|  0%| F|  |TAMS 0x0000000711400000, 0x0000000711400000| Untracked 
|  57|0x0000000711600000, 0x0000000711600000, 0x0000000711800000|  0%| F|  |TAMS 0x0000000711600000, 0x0000000711600000| Untracked 
|  58|0x0000000711800000, 0x0000000711800000, 0x0000000711a00000|  0%| F|  |TAMS 0x0000000711800000, 0x0000000711800000| Untracked 
|  59|0x0000000711a00000, 0x0000000711a00000, 0x0000000711c00000|  0%| F|  |TAMS 0x0000000711a00000, 0x0000000711a00000| Untracked 
|  60|0x0000000711c00000, 0x0000000711c00000, 0x0000000711e00000|  0%| F|  |TAMS 0x0000000711c00000, 0x0000000711c00000| Untracked 
|  61|0x0000000711e00000, 0x0000000711e00000, 0x0000000712000000|  0%| F|  |TAMS 0x0000000711e00000, 0x0000000711e00000| Untracked 
|  62|0x0000000712000000, 0x0000000712000000, 0x0000000712200000|  0%| F|  |TAMS 0x0000000712000000, 0x0000000712000000| Untracked 
|  63|0x0000000712200000, 0x0000000712200000, 0x0000000712400000|  0%| F|  |TAMS 0x0000000712200000, 0x0000000712200000| Untracked 
|  64|0x0000000712400000, 0x0000000712430368, 0x0000000712600000|  9%| E|  |TAMS 0x0000000712400000, 0x0000000712400000| Complete 
|  65|0x0000000712600000, 0x0000000712800000, 0x0000000712800000|100%| E|CS|TAMS 0x0000000712600000, 0x0000000712600000| Complete 
|  66|0x0000000712800000, 0x0000000712a00000, 0x0000000712a00000|100%| E|CS|TAMS 0x0000000712800000, 0x0000000712800000| Complete 
|  67|0x0000000712a00000, 0x0000000712c00000, 0x0000000712c00000|100%| E|CS|TAMS 0x0000000712a00000, 0x0000000712a00000| Complete 
|  68|0x0000000712c00000, 0x0000000712e00000, 0x0000000712e00000|100%| E|CS|TAMS 0x0000000712c00000, 0x0000000712c00000| Complete 
|  69|0x0000000712e00000, 0x0000000713000000, 0x0000000713000000|100%| E|CS|TAMS 0x0000000712e00000, 0x0000000712e00000| Complete 
|  88|0x0000000715400000, 0x0000000715600000, 0x0000000715600000|100%| E|CS|TAMS 0x0000000715400000, 0x0000000715400000| Complete 
|  89|0x0000000715600000, 0x0000000715800000, 0x0000000715800000|100%| E|CS|TAMS 0x0000000715600000, 0x0000000715600000| Complete 
|  90|0x0000000715800000, 0x0000000715a00000, 0x0000000715a00000|100%| E|CS|TAMS 0x0000000715800000, 0x0000000715800000| Complete 
| 122|0x0000000719800000, 0x0000000719a00000, 0x0000000719a00000|100%| E|CS|TAMS 0x0000000719800000, 0x0000000719800000| Complete 

Card table byte_map: [0x00000144a5300000,0x00000144a5ab0000] _byte_map_base: 0x00000144a1aae000

Marking Bits (Prev, Next): (CMBitMap*) 0x000001448ddc95a0, (CMBitMap*) 0x000001448ddc9560
 Prev Bits: [0x00000144a9fd0000, 0x00000144add40000)
 Next Bits: [0x00000144a6260000, 0x00000144a9fd0000)

Polling page: 0x000001448bd60000

Metaspace:

Usage:
  Non-class:     26.66 MB used.
      Class:      3.68 MB used.
       Both:     30.34 MB used.

Virtual space:
  Non-class space:       64.00 MB reserved,      26.88 MB ( 42%) committed,  1 nodes.
      Class space:        1.00 GB reserved,       3.88 MB ( <1%) committed,  1 nodes.
             Both:        1.06 GB reserved,      30.75 MB (  3%) committed. 

Chunk freelists:
   Non-Class:  4.83 MB
       Class:  12.14 MB
        Both:  16.97 MB

MaxMetaspaceSize: unlimited
CompressedClassSpaceSize: 1.00 GB
Initial GC threshold: 21.00 MB
Current GC threshold: 35.25 MB
CDS: on
MetaspaceReclaimPolicy: balanced
 - commit_granule_bytes: 65536.
 - commit_granule_words: 8192.
 - virtual_space_node_default_size: 8388608.
 - enlarge_chunks_in_place: 1.
 - new_chunks_are_fully_committed: 0.
 - uncommit_free_chunks: 1.
 - use_allocation_guard: 0.
 - handle_deallocations: 1.


Internal statistics:

num_allocs_failed_limit: 3.
num_arena_births: 568.
num_arena_deaths: 0.
num_vsnodes_births: 2.
num_vsnodes_deaths: 0.
num_space_committed: 492.
num_space_uncommitted: 0.
num_chunks_returned_to_freelist: 3.
num_chunks_taken_from_freelist: 1668.
num_chunk_merges: 3.
num_chunk_splits: 1160.
num_chunks_enlarged: 856.
num_purges: 0.
num_inconsistent_stats: 0.

CodeHeap 'non-profiled nmethods': size=120000Kb used=2298Kb max_used=2298Kb free=117701Kb
 bounds [0x000001449d0d0000, 0x000001449d340000, 0x00000144a4600000]
CodeHeap 'profiled nmethods': size=120000Kb used=8005Kb max_used=8005Kb free=111995Kb
 bounds [0x0000014495600000, 0x0000014495de0000, 0x000001449cb30000]
CodeHeap 'non-nmethods': size=5760Kb used=1399Kb max_used=1441Kb free=4360Kb
 bounds [0x000001449cb30000, 0x000001449cda0000, 0x000001449d0d0000]
 total_blobs=4423 nmethods=3665 adapters=669
 compilation: enabled
              stopped_count=0, restarted_count=0
 full_count=0

Compilation events (20 events):
Event: 4.636 Thread 0x00000144b09e5f60 nmethod 3658 0x0000014495dca910 code [0x0000014495dcad40, 0x0000014495dcd0a8]
Event: 4.636 Thread 0x00000144b09e5f60 3661       3       java.lang.CompoundEnumeration::next (58 bytes)
Event: 4.637 Thread 0x00000144b09e5f60 nmethod 3661 0x0000014495dcdc90 code [0x0000014495dcde40, 0x0000014495dce1a8]
Event: 4.637 Thread 0x00000144b09e5f60 3659       3       jdk.internal.loader.BuiltinClassLoader::findResourcesOnClassPath (43 bytes)
Event: 4.637 Thread 0x00000144b09e5f60 nmethod 3659 0x0000014495dce310 code [0x0000014495dce560, 0x0000014495dceeb8]
Event: 4.637 Thread 0x00000144b09e5f60 3663       3       jdk.internal.loader.BuiltinClassLoader$1::hasMoreElements (5 bytes)
Event: 4.637 Thread 0x00000144b09e5f60 nmethod 3663 0x0000014495dcf190 code [0x0000014495dcf320, 0x0000014495dcf468]
Event: 4.637 Thread 0x00000144b09e5f60 3660       3       jdk.internal.loader.BuiltinClassLoader$1::<init> (33 bytes)
Event: 4.637 Thread 0x00000144b09e5f60 nmethod 3660 0x0000014495dcf510 code [0x0000014495dcf6c0, 0x0000014495dcfa88]
Event: 4.637 Thread 0x00000144b09e5f60 3662       1       jdk.internal.loader.ClassLoaderHelper::mapAlternativeName (2 bytes)
Event: 4.637 Thread 0x00000144b09e5f60 nmethod 3662 0x000001449d2f7910 code [0x000001449d2f7aa0, 0x000001449d2f7b58]
Event: 4.637 Thread 0x00000144b09e5f60 3657       3       java.lang.ClassLoader::getResources (55 bytes)
Event: 4.637 Thread 0x00000144b09e5f60 nmethod 3657 0x0000014495dcfb90 code [0x0000014495dcfde0, 0x0000014495dd0ab8]
Event: 4.650 Thread 0x00000144b0e47120 nmethod 3655 0x000001449d2f7c10 code [0x000001449d2f7e00, 0x000001449d2f8840]
Event: 4.654 Thread 0x00000144b0e47120 3664       4       java.util.zip.ZipUtils::get64 (17 bytes)
Event: 4.655 Thread 0x00000144b0e47120 nmethod 3664 0x000001449d2f9310 code [0x000001449d2f9480, 0x000001449d2f95b8]
Event: 4.660 Thread 0x00000144b09e5f60 3665       3       java.lang.String::encode (48 bytes)
Event: 4.661 Thread 0x00000144b09e5f60 nmethod 3665 0x0000014495dd0d90 code [0x0000014495dd0f80, 0x0000014495dd12d8]
Event: 4.707 Thread 0x00000144b09e3be0 nmethod 3584 0x000001449d2f9710 code [0x000001449d2f9c40, 0x000001449d300210]
Event: 4.751 Thread 0x00000144f93b6870 nmethod 3616 0x000001449d303890 code [0x000001449d303e00, 0x000001449d30b0d8]

GC Heap History (12 events):
Event: 0.349 GC heap before
{Heap before GC invocations=0 (full 0):
 garbage-first heap   total 251904K, used 22528K [0x000000070a400000, 0x0000000800000000)
  region size 2048K, 11 young (22528K), 0 survivors (0K)
 Metaspace       used 5421K, committed 5568K, reserved 1114112K
  class space    used 638K, committed 704K, reserved 1048576K
}
Event: 0.351 GC heap after
{Heap after GC invocations=1 (full 0):
 garbage-first heap   total 251904K, used 4384K [0x000000070a400000, 0x0000000800000000)
  region size 2048K, 2 young (4096K), 2 survivors (4096K)
 Metaspace       used 5421K, committed 5568K, reserved 1114112K
  class space    used 638K, committed 704K, reserved 1048576K
}
Event: 0.568 GC heap before
{Heap before GC invocations=1 (full 0):
 garbage-first heap   total 251904K, used 31008K [0x000000070a400000, 0x0000000800000000)
  region size 2048K, 16 young (32768K), 2 survivors (4096K)
 Metaspace       used 11335K, committed 11584K, reserved 1114112K
  class space    used 1374K, committed 1472K, reserved 1048576K
}
Event: 0.571 GC heap after
{Heap after GC invocations=2 (full 0):
 garbage-first heap   total 251904K, used 6681K [0x000000070a400000, 0x0000000800000000)
  region size 2048K, 2 young (4096K), 2 survivors (4096K)
 Metaspace       used 11335K, committed 11584K, reserved 1114112K
  class space    used 1374K, committed 1472K, reserved 1048576K
}
Event: 1.258 GC heap before
{Heap before GC invocations=2 (full 0):
 garbage-first heap   total 251904K, used 66073K [0x000000070a400000, 0x0000000800000000)
  region size 2048K, 32 young (65536K), 2 survivors (4096K)
 Metaspace       used 21198K, committed 21504K, reserved 1114112K
  class space    used 2693K, committed 2816K, reserved 1048576K
}
Event: 1.263 GC heap after
{Heap after GC invocations=3 (full 0):
 garbage-first heap   total 251904K, used 10252K [0x000000070a400000, 0x0000000800000000)
  region size 2048K, 3 young (6144K), 3 survivors (6144K)
 Metaspace       used 21198K, committed 21504K, reserved 1114112K
  class space    used 2693K, committed 2816K, reserved 1048576K
}
Event: 1.592 GC heap before
{Heap before GC invocations=4 (full 0):
 garbage-first heap   total 49152K, used 34828K [0x000000070a400000, 0x0000000800000000)
  region size 2048K, 15 young (30720K), 3 survivors (6144K)
 Metaspace       used 25512K, committed 25920K, reserved 1114112K
  class space    used 3212K, committed 3392K, reserved 1048576K
}
Event: 1.597 GC heap after
{Heap after GC invocations=5 (full 0):
 garbage-first heap   total 49152K, used 12962K [0x000000070a400000, 0x0000000800000000)
  region size 2048K, 2 young (4096K), 2 survivors (4096K)
 Metaspace       used 25512K, committed 25920K, reserved 1114112K
  class space    used 3212K, committed 3392K, reserved 1048576K
}
Event: 1.624 GC heap before
{Heap before GC invocations=5 (full 0):
 garbage-first heap   total 49152K, used 15010K [0x000000070a400000, 0x0000000800000000)
  region size 2048K, 3 young (6144K), 2 survivors (4096K)
 Metaspace       used 25818K, committed 26240K, reserved 1114112K
  class space    used 3251K, committed 3456K, reserved 1048576K
}
Event: 1.626 GC heap after
{Heap after GC invocations=6 (full 0):
 garbage-first heap   total 49152K, used 13652K [0x000000070a400000, 0x0000000800000000)
  region size 2048K, 1 young (2048K), 1 survivors (2048K)
 Metaspace       used 25818K, committed 26240K, reserved 1114112K
  class space    used 3251K, committed 3456K, reserved 1048576K
}
Event: 4.417 GC heap before
{Heap before GC invocations=6 (full 0):
 garbage-first heap   total 49152K, used 30036K [0x000000070a400000, 0x0000000800000000)
  region size 2048K, 10 young (20480K), 1 survivors (2048K)
 Metaspace       used 30106K, committed 30528K, reserved 1114112K
  class space    used 3650K, committed 3840K, reserved 1048576K
}
Event: 4.420 GC heap after
{Heap after GC invocations=7 (full 0):
 garbage-first heap   total 151552K, used 14591K [0x000000070a400000, 0x0000000800000000)
  region size 2048K, 1 young (2048K), 1 survivors (2048K)
 Metaspace       used 30106K, committed 30528K, reserved 1114112K
  class space    used 3650K, committed 3840K, reserved 1048576K
}

Deoptimization events (20 events):
Event: 4.343 Thread 0x00000144f7500ef0 Uncommon trap: trap_request=0xffffff45 fr.pc=0x000001449d1b0d48 relative=0x00000000000000a8
Event: 4.343 Thread 0x00000144f7500ef0 Uncommon trap: reason=unstable_if action=reinterpret pc=0x000001449d1b0d48 method=java.lang.CharacterDataLatin1.isWhitespace(I)Z @ 14 c2
Event: 4.343 Thread 0x00000144f7500ef0 DEOPT PACKING pc=0x000001449d1b0d48 sp=0x0000001e6e2fcf50
Event: 4.343 Thread 0x00000144f7500ef0 DEOPT UNPACKING pc=0x000001449cb823a3 sp=0x0000001e6e2fce18 mode 2
Event: 4.345 Thread 0x00000144f7500ef0 Uncommon trap: trap_request=0xffffff45 fr.pc=0x000001449d125a04 relative=0x0000000000000084
Event: 4.345 Thread 0x00000144f7500ef0 Uncommon trap: reason=unstable_if action=reinterpret pc=0x000001449d125a04 method=java.lang.CharacterDataLatin1.isWhitespace(I)Z @ 14 c2
Event: 4.345 Thread 0x00000144f7500ef0 DEOPT PACKING pc=0x000001449d125a04 sp=0x0000001e6e2fd010
Event: 4.345 Thread 0x00000144f7500ef0 DEOPT UNPACKING pc=0x000001449cb823a3 sp=0x0000001e6e2fcf80 mode 2
Event: 4.410 Thread 0x00000144f7500ef0 Uncommon trap: trap_request=0xffffff45 fr.pc=0x000001449d0faf04 relative=0x00000000000013c4
Event: 4.410 Thread 0x00000144f7500ef0 Uncommon trap: reason=unstable_if action=reinterpret pc=0x000001449d0faf04 method=java.util.jar.JarFile.getVersionedEntry(Ljava/lang/String;Ljava/util/jar/JarEntry;)Ljava/util/jar/JarEntry; @ 26 c2
Event: 4.410 Thread 0x00000144f7500ef0 DEOPT PACKING pc=0x000001449d0faf04 sp=0x0000001e6e2fb030
Event: 4.410 Thread 0x00000144f7500ef0 DEOPT UNPACKING pc=0x000001449cb823a3 sp=0x0000001e6e2fafa0 mode 2
Event: 4.416 Thread 0x00000144f7500ef0 Uncommon trap: trap_request=0xffffff45 fr.pc=0x000001449d27484c relative=0x000000000000452c
Event: 4.416 Thread 0x00000144f7500ef0 Uncommon trap: reason=unstable_if action=reinterpret pc=0x000001449d27484c method=sun.net.www.protocol.jar.Handler.parseURL(Ljava/net/URL;Ljava/lang/String;II)V @ 116 c2
Event: 4.416 Thread 0x00000144f7500ef0 DEOPT PACKING pc=0x000001449d27484c sp=0x0000001e6e2faf60
Event: 4.416 Thread 0x00000144f7500ef0 DEOPT UNPACKING pc=0x000001449cb823a3 sp=0x0000001e6e2fae58 mode 2
Event: 4.538 Thread 0x00000144f7500ef0 DEOPT PACKING pc=0x000001449564365b sp=0x0000001e6e2f9b00
Event: 4.538 Thread 0x00000144f7500ef0 DEOPT UNPACKING pc=0x000001449cb82b43 sp=0x0000001e6e2f9020 mode 0
Event: 4.606 Thread 0x00000144f7500ef0 DEOPT PACKING pc=0x0000014495c1f929 sp=0x0000001e6e2fba90
Event: 4.606 Thread 0x00000144f7500ef0 DEOPT UNPACKING pc=0x000001449cb82b43 sp=0x0000001e6e2faf88 mode 0

Classes unloaded (0 events):
No events

Classes redefined (0 events):
No events

Internal exceptions (20 events):
Event: 1.138 Thread 0x000001448dd5e180 Exception <a 'java/lang/NoSuchMethodError'{0x000000071603e630}: 'java.lang.Object java.lang.invoke.DirectMethodHandle$Holder.invokeSpecial(java.lang.Object, java.lang.Object, java.lang.Object, java.lang.Object, int)'> (0x000000071603e630) 
thrown [s\open\src\hotspot\share\interpreter\linkResolver.cpp, line 759]
Event: 1.138 Thread 0x000001448dd5e180 Exception <a 'java/lang/NoSuchMethodError'{0x00000007160421f8}: 'java.lang.Object java.lang.invoke.Invokers$Holder.linkToTargetMethod(java.lang.Object, java.lang.Object, int, java.lang.Object)'> (0x00000007160421f8) 
thrown [s\open\src\hotspot\share\interpreter\linkResolver.cpp, line 759]
Event: 1.199 Thread 0x000001448dd5e180 Exception <a 'java/lang/NoSuchMethodError'{0x0000000715c495f8}: 'java.lang.Object java.lang.invoke.DirectMethodHandle$Holder.invokeStaticInit(java.lang.Object, int, int, int, int)'> (0x0000000715c495f8) 
thrown [s\open\src\hotspot\share\interpreter\linkResolver.cpp, line 759]
Event: 1.236 Thread 0x000001448dd5e180 Exception <a 'java/lang/NoSuchMethodError'{0x0000000715cbf208}: 'java.lang.Object java.lang.invoke.DirectMethodHandle$Holder.invokeStaticInit(java.lang.Object, java.lang.Object, int, int, int, int)'> (0x0000000715cbf208) 
thrown [s\open\src\hotspot\share\interpreter\linkResolver.cpp, line 759]
Event: 1.312 Thread 0x000001448dd5e180 Exception <a 'java/lang/NoSuchMethodError'{0x000000070c8c3920}: 'java.lang.Object java.lang.invoke.DirectMethodHandle$Holder.invokeSpecial(java.lang.Object, java.lang.Object, long, java.lang.Object, java.lang.Object, java.lang.Object, java.lang.Object, java.lang.Object, java.lang.Object)'> (0x000000070c8c3920) 
thrown [s\open\src\hotspot\share\interpreter\linkResolver.cpp, line 759]
Event: 1.313 Thread 0x000001448dd5e180 Exception <a 'java/lang/NoSuchMethodError'{0x000000070c8c8448}: 'java.lang.Object java.lang.invoke.DelegatingMethodHandle$Holder.reinvoke_L(java.lang.Object, long, java.lang.Object, java.lang.Object, java.lang.Object, java.lang.Object, java.lang.Object, java.lang.Object)'> (0x000000070c8c8448) 
thrown [s\open\src\hotspot\share\interpreter\linkResolver.cpp, line 759]
Event: 1.313 Thread 0x000001448dd5e180 Exception <a 'java/lang/NoSuchMethodError'{0x000000070c8d4e48}: 'java.lang.Object java.lang.invoke.Invokers$Holder.linkToTargetMethod(java.lang.Object, java.lang.Object, java.lang.Object, java.lang.Object, java.lang.Object, java.lang.Object, java.lang.Object)'> (0x000000070c8d4e48) 
thrown [s\open\src\hotspot\share\interpreter\linkResolver.cpp, line 759]
Event: 1.333 Thread 0x000001448dd5e180 Implicit null exception at 0x000001449d1d8dc8 to 0x000001449d1dbe40
Event: 1.375 Thread 0x000001448dd5e180 Exception <a 'java/io/FileNotFoundException'{0x000000070c439d00}> (0x000000070c439d00) 
thrown [s\open\src\hotspot\share\prims\jni.cpp, line 516]
Event: 1.398 Thread 0x000001448dd5e180 Exception <a 'java/lang/NoSuchMethodError'{0x000000070c215130}: 'int java.lang.invoke.DirectMethodHandle$Holder.invokeInterface(java.lang.Object, java.lang.Object, java.lang.Object, java.lang.Object)'> (0x000000070c215130) 
thrown [s\open\src\hotspot\share\interpreter\linkResolver.cpp, line 759]
Event: 1.430 Thread 0x000001448dd5e180 Exception <a 'java/lang/NoSuchMethodError'{0x000000070c01d338}: 'long java.lang.invoke.DirectMethodHandle$Holder.invokeVirtual(java.lang.Object, java.lang.Object)'> (0x000000070c01d338) 
thrown [s\open\src\hotspot\share\interpreter\linkResolver.cpp, line 759]
Event: 1.556 Thread 0x000001448dd5e180 Exception <a 'java/lang/NoSuchMethodError'{0x000000070b90f580}: 'void java.lang.invoke.DirectMethodHandle$Holder.invokeVirtual(java.lang.Object, java.lang.Object, long)'> (0x000000070b90f580) 
thrown [s\open\src\hotspot\share\interpreter\linkResolver.cpp, line 759]
Event: 1.657 Thread 0x000001448dd5e180 Exception <a 'java/lang/IncompatibleClassChangeError'{0x00000007199c51c0}: Found class java.lang.Object, but interface was expected> (0x00000007199c51c0) 
thrown [s\open\src\hotspot\share\interpreter\linkResolver.cpp, line 826]
Event: 1.676 Thread 0x000001448dd5e180 Exception <a 'java/lang/NoSuchMethodError'{0x00000007157157f8}: 'int java.lang.invoke.DirectMethodHandle$Holder.invokeStaticInit(java.lang.Object, java.lang.Object, java.lang.Object, java.lang.Object)'> (0x00000007157157f8) 
thrown [s\open\src\hotspot\share\interpreter\linkResolver.cpp, line 759]
Event: 1.698 Thread 0x000001448dd5e180 Exception <a 'java/lang/NoSuchMethodError'{0x00000007154a2b28}: 'java.lang.Object java.lang.invoke.DirectMethodHandle$Holder.newInvokeSpecial(java.lang.Object, java.lang.Object, int, java.lang.Object, java.lang.Object)'> (0x00000007154a2b28) 
thrown [s\open\src\hotspot\share\interpreter\linkResolver.cpp, line 759]
Event: 1.698 Thread 0x000001448dd5e180 Exception <a 'java/lang/NoSuchMethodError'{0x00000007154ae3e8}: 'java.lang.Object java.lang.invoke.DirectMethodHandle$Holder.invokeSpecial(java.lang.Object, java.lang.Object, int, java.lang.Object, int, java.lang.Object)'> (0x00000007154ae3e8) 
thrown [s\open\src\hotspot\share\interpreter\linkResolver.cpp, line 759]
Event: 1.698 Thread 0x000001448dd5e180 Exception <a 'java/lang/NoSuchMethodError'{0x00000007154b61f0}: 'java.lang.Object java.lang.invoke.DirectMethodHandle$Holder.newInvokeSpecial(java.lang.Object, java.lang.Object, int, java.lang.Object, int)'> (0x00000007154b61f0) 
thrown [s\open\src\hotspot\share\interpreter\linkResolver.cpp, line 759]
Event: 1.699 Thread 0x000001448dd5e180 Exception <a 'java/lang/NoSuchMethodError'{0x00000007154ba2f0}: 'java.lang.Object java.lang.invoke.DirectMethodHandle$Holder.invokeSpecial(java.lang.Object, java.lang.Object, java.lang.Object, int, java.lang.Object, int)'> (0x00000007154ba2f0) 
thrown [s\open\src\hotspot\share\interpreter\linkResolver.cpp, line 759]
Event: 4.307 Thread 0x00000144f75030a0 Exception <a 'java/lang/NoSuchMethodError'{0x000000070c9e7198}: 'java.lang.Object java.lang.invoke.DirectMethodHandle$Holder.invokeSpecial(java.lang.Object, java.lang.Object, java.lang.Object, java.lang.Object, java.lang.Object, long)'> (0x000000070c9e7198) 
thrown [s\open\src\hotspot\share\interpreter\linkResolver.cpp, line 759]
Event: 4.307 Thread 0x00000144f75030a0 Exception <a 'java/lang/NoSuchMethodError'{0x000000070c9eabd8}: 'java.lang.Object java.lang.invoke.Invokers$Holder.linkToTargetMethod(java.lang.Object, java.lang.Object, java.lang.Object, long, java.lang.Object)'> (0x000000070c9eabd8) 
thrown [s\open\src\hotspot\share\interpreter\linkResolver.cpp, line 759]

VM Operations (20 events):
Event: 1.569 Executing VM operation: HandshakeAllThreads
Event: 1.569 Executing VM operation: HandshakeAllThreads done
Event: 1.571 Executing VM operation: HandshakeAllThreads
Event: 1.571 Executing VM operation: HandshakeAllThreads done
Event: 1.592 Executing VM operation: G1CollectForAllocation
Event: 1.597 Executing VM operation: G1CollectForAllocation done
Event: 1.624 Executing VM operation: G1CollectForAllocation
Event: 1.626 Executing VM operation: G1CollectForAllocation done
Event: 1.646 Executing VM operation: HandshakeAllThreads
Event: 1.646 Executing VM operation: HandshakeAllThreads done
Event: 2.644 Executing VM operation: Cleanup
Event: 2.644 Executing VM operation: Cleanup done
Event: 4.316 Executing VM operation: HandshakeAllThreads
Event: 4.316 Executing VM operation: HandshakeAllThreads done
Event: 4.316 Executing VM operation: Cleanup
Event: 4.316 Executing VM operation: Cleanup done
Event: 4.371 Executing VM operation: HandshakeAllThreads
Event: 4.371 Executing VM operation: HandshakeAllThreads done
Event: 4.417 Executing VM operation: G1CollectForAllocation
Event: 4.420 Executing VM operation: G1CollectForAllocation done

Events (20 events):
Event: 4.502 Loaded shared library C:\Users\Admin\.javacpp\cache\javacpp-1.5.8-windows-x86_64.jar\org\bytedeco\javacpp\windows-x86_64\api-ms-win-core-interlocked-l1-1-0.dll
Event: 4.504 Loaded shared library C:\Users\Admin\.javacpp\cache\javacpp-1.5.8-windows-x86_64.jar\org\bytedeco\javacpp\windows-x86_64\ucrtbase.dll
Event: 4.506 Loaded shared library C:\Users\Admin\.javacpp\cache\javacpp-1.5.8-windows-x86_64.jar\org\bytedeco\javacpp\windows-x86_64\vcruntime140.dll
Event: 4.509 Loaded shared library C:\Users\Admin\.javacpp\cache\javacpp-1.5.8-windows-x86_64.jar\org\bytedeco\javacpp\windows-x86_64\vcruntime140_1.dll
Event: 4.511 Loaded shared library C:\Users\Admin\.javacpp\cache\javacpp-1.5.8-windows-x86_64.jar\org\bytedeco\javacpp\windows-x86_64\msvcp140.dll
Event: 4.515 Loaded shared library C:\Users\Admin\.javacpp\cache\javacpp-1.5.8-windows-x86_64.jar\org\bytedeco\javacpp\windows-x86_64\msvcp140_1.dll
Event: 4.517 Loaded shared library C:\Users\Admin\.javacpp\cache\javacpp-1.5.8-windows-x86_64.jar\org\bytedeco\javacpp\windows-x86_64\concrt140.dll
Event: 4.519 Loaded shared library C:\Users\Admin\.javacpp\cache\javacpp-1.5.8-windows-x86_64.jar\org\bytedeco\javacpp\windows-x86_64\vcomp140.dll
Event: 4.523 Loaded shared library C:\Users\Admin\.javacpp\cache\javacpp-1.5.8-windows-x86_64.jar\org\bytedeco\javacpp\windows-x86_64\jnijavacpp.dll
Event: 4.528 Thread 0x00000144f97f2780 Thread added: 0x00000144f97f2780
Event: 4.544 loading class java/util/regex/Pattern$SliceS
Event: 4.544 loading class java/util/regex/Pattern$SliceS done
Event: 4.556 Loaded shared library C:\Users\Admin\.javacpp\cache\leptonica-1.82.0-1.5.8-windows-x86_64.jar\org\bytedeco\leptonica\windows-x86_64\libwinpthread-1.dll
Event: 4.559 Loaded shared library C:\Users\Admin\.javacpp\cache\leptonica-1.82.0-1.5.8-windows-x86_64.jar\org\bytedeco\leptonica\windows-x86_64\libgcc_s_seh-1.dll
Event: 4.562 Loaded shared library C:\Users\Admin\.javacpp\cache\leptonica-1.82.0-1.5.8-windows-x86_64.jar\org\bytedeco\leptonica\windows-x86_64\libgomp-1.dll
Event: 4.565 Loaded shared library C:\Users\Admin\.javacpp\cache\leptonica-1.82.0-1.5.8-windows-x86_64.jar\org\bytedeco\leptonica\windows-x86_64\libstdc++-6.dll
Event: 4.568 Loaded shared library C:\Users\Admin\.javacpp\cache\leptonica-1.82.0-1.5.8-windows-x86_64.jar\org\bytedeco\leptonica\windows-x86_64\libleptonica-5.dll
Event: 4.573 Loaded shared library C:\Users\Admin\.javacpp\cache\leptonica-1.82.0-1.5.8-windows-x86_64.jar\org\bytedeco\leptonica\windows-x86_64\jnileptonica.dll
Event: 4.634 Loaded shared library C:\Users\Admin\.javacpp\cache\tesseract-5.2.0-1.5.8-windows-x86_64.jar\org\bytedeco\tesseract\windows-x86_64\libtesseract52.dll
Event: 4.638 Loaded shared library C:\Users\Admin\.javacpp\cache\tesseract-5.2.0-1.5.8-windows-x86_64.jar\org\bytedeco\tesseract\windows-x86_64\jnitesseract.dll


Dynamic libraries:
0x00007ff661080000 - 0x00007ff661090000 	C:\Program Files\Java\jdk-17\bin\java.exe
0x00007ffeba4c0000 - 0x00007ffeba6c7000 	C:\Windows\SYSTEM32\ntdll.dll
0x00007ffeb9460000 - 0x00007ffeb951d000 	C:\Windows\System32\KERNEL32.DLL
0x00007ffeb7fa0000 - 0x00007ffeb8314000 	C:\Windows\System32\KERNELBASE.dll
0x00007ffeb7b90000 - 0x00007ffeb7ca1000 	C:\Windows\System32\ucrtbase.dll
0x00007ffea0d80000 - 0x00007ffea0d9b000 	C:\Program Files\Java\jdk-17\bin\VCRUNTIME140.dll
0x00007ffeabae0000 - 0x00007ffeabaf9000 	C:\Program Files\Java\jdk-17\bin\jli.dll
0x00007ffeb97c0000 - 0x00007ffeb986c000 	C:\Windows\System32\ADVAPI32.dll
0x00007ffeb8aa0000 - 0x00007ffeb8b43000 	C:\Windows\System32\msvcrt.dll
0x00007ffeb8ff0000 - 0x00007ffeb908d000 	C:\Windows\System32\sechost.dll
0x00007ffeb9530000 - 0x00007ffeb9651000 	C:\Windows\System32\RPCRT4.dll
0x00007ffeb8440000 - 0x00007ffeb85ec000 	C:\Windows\System32\USER32.dll
0x00007ffea6570000 - 0x00007ffea6815000 	C:\Windows\WinSxS\amd64_microsoft.windows.common-controls_6595b64144ccf1df_6.0.22000.120_none_9d947278b86cc467\COMCTL32.dll
0x00007ffeb8320000 - 0x00007ffeb8346000 	C:\Windows\System32\win32u.dll
0x00007ffeb8350000 - 0x00007ffeb8379000 	C:\Windows\System32\GDI32.dll
0x00007ffeb7cb0000 - 0x00007ffeb7dc2000 	C:\Windows\System32\gdi32full.dll
0x00007ffeb7e90000 - 0x00007ffeb7f2d000 	C:\Windows\System32\msvcp_win.dll
0x00007ffeaf720000 - 0x00007ffeaf72a000 	C:\Windows\SYSTEM32\VERSION.dll
0x00007ffeb8930000 - 0x00007ffeb8961000 	C:\Windows\System32\IMM32.DLL
0x00007ffeabab0000 - 0x00007ffeababc000 	C:\Program Files\Java\jdk-17\bin\vcruntime140_1.dll
0x00007ffe86e10000 - 0x00007ffe86e9e000 	C:\Program Files\Java\jdk-17\bin\msvcp140.dll
0x00007ffe51620000 - 0x00007ffe521fe000 	C:\Program Files\Java\jdk-17\bin\server\jvm.dll
0x00007ffeb9660000 - 0x00007ffeb9668000 	C:\Windows\System32\PSAPI.DLL
0x00007ffeabad0000 - 0x00007ffeabad9000 	C:\Windows\SYSTEM32\WSOCK32.dll
0x00007ffeb19a0000 - 0x00007ffeb19d3000 	C:\Windows\SYSTEM32\WINMM.dll
0x00007ffeb86e0000 - 0x00007ffeb874f000 	C:\Windows\System32\WS2_32.dll
0x00007ffeb6b30000 - 0x00007ffeb6b48000 	C:\Windows\SYSTEM32\kernel.appcore.dll
0x00007ffea6ae0000 - 0x00007ffea6aea000 	C:\Program Files\Java\jdk-17\bin\jimage.dll
0x00007ffeabed0000 - 0x00007ffeac0f1000 	C:\Windows\SYSTEM32\DBGHELP.DLL
0x00007ffeabe90000 - 0x00007ffeabec1000 	C:\Windows\SYSTEM32\dbgcore.DLL
0x00007ffeb7b10000 - 0x00007ffeb7b90000 	C:\Windows\System32\bcryptPrimitives.dll
0x00007ffe963a0000 - 0x00007ffe963c5000 	C:\Program Files\Java\jdk-17\bin\java.dll
0x00007ffe962c0000 - 0x00007ffe96397000 	C:\Program Files\Java\jdk-17\bin\jsvml.dll
0x00007ffeb9870000 - 0x00007ffeba01a000 	C:\Windows\System32\SHELL32.dll
0x00007ffeb5b40000 - 0x00007ffeb63a2000 	C:\Windows\SYSTEM32\windows.storage.dll
0x00007ffeba020000 - 0x00007ffeba398000 	C:\Windows\System32\combase.dll
0x00007ffeb59d0000 - 0x00007ffeb5b36000 	C:\Windows\SYSTEM32\wintypes.dll
0x00007ffeb9140000 - 0x00007ffeb922a000 	C:\Windows\System32\SHCORE.dll
0x00007ffeb83e0000 - 0x00007ffeb843d000 	C:\Windows\System32\shlwapi.dll
0x00007ffeb78d0000 - 0x00007ffeb78f1000 	C:\Windows\SYSTEM32\profapi.dll
0x00007ffea0830000 - 0x00007ffea0849000 	C:\Program Files\Java\jdk-17\bin\net.dll
0x00007ffeb2880000 - 0x00007ffeb298c000 	C:\Windows\SYSTEM32\WINHTTP.dll
0x00007ffeb6f40000 - 0x00007ffeb6fa7000 	C:\Windows\system32\mswsock.dll
0x00007ffe9f740000 - 0x00007ffe9f756000 	C:\Program Files\Java\jdk-17\bin\nio.dll
0x00007ffe9e0f0000 - 0x00007ffe9e108000 	C:\Program Files\Java\jdk-17\bin\zip.dll
0x00007ffeb7180000 - 0x00007ffeb7198000 	C:\Windows\SYSTEM32\CRYPTSP.dll
0x00007ffeb6a90000 - 0x00007ffeb6ac5000 	C:\Windows\system32\rsaenh.dll
0x00007ffeb7030000 - 0x00007ffeb7059000 	C:\Windows\SYSTEM32\USERENV.dll
0x00007ffeb7300000 - 0x00007ffeb7327000 	C:\Windows\SYSTEM32\bcrypt.dll
0x00007ffeb71a0000 - 0x00007ffeb71ac000 	C:\Windows\SYSTEM32\CRYPTBASE.dll
0x00007ffeb6660000 - 0x00007ffeb668d000 	C:\Windows\SYSTEM32\IPHLPAPI.DLL
0x00007ffeb8fe0000 - 0x00007ffeb8fe9000 	C:\Windows\System32\NSI.dll
0x00007ffeb1dd0000 - 0x00007ffeb1de9000 	C:\Windows\SYSTEM32\dhcpcsvc6.DLL
0x00007ffeb25f0000 - 0x00007ffeb260e000 	C:\Windows\SYSTEM32\dhcpcsvc.DLL
0x00007ffeb6690000 - 0x00007ffeb6777000 	C:\Windows\SYSTEM32\DNSAPI.dll
0x00007ffeb3bc0000 - 0x00007ffeb3bce000 	C:\Program Files\Java\jdk-17\bin\sunmscapi.dll
0x00007ffeb79a0000 - 0x00007ffeb7b02000 	C:\Windows\System32\CRYPT32.dll
0x00007ffeb72d0000 - 0x00007ffeb72f8000 	C:\Windows\SYSTEM32\ncrypt.dll
0x00007ffeb7290000 - 0x00007ffeb72c7000 	C:\Windows\SYSTEM32\NTASN1.dll
0x00007ffea6320000 - 0x00007ffea632a000 	C:\Program Files\Java\jdk-17\bin\management.dll
0x00007ffea60f0000 - 0x00007ffea60fb000 	C:\Program Files\Java\jdk-17\bin\management_ext.dll
0x00007ffea6480000 - 0x00007ffea6488000 	C:\Windows\system32\wshunix.dll
0x00000144f9ac0000 - 0x00000144f9ac4000 	C:\Users\Admin\.javacpp\cache\javacpp-1.5.8-windows-x86_64.jar\org\bytedeco\javacpp\windows-x86_64\api-ms-win-crt-locale-l1-1-0.dll
0x00000144f9ad0000 - 0x00000144f9ad5000 	C:\Users\Admin\.javacpp\cache\javacpp-1.5.8-windows-x86_64.jar\org\bytedeco\javacpp\windows-x86_64\api-ms-win-crt-string-l1-1-0.dll
0x00000144f98c0000 - 0x00000144f98c5000 	C:\Users\Admin\.javacpp\cache\javacpp-1.5.8-windows-x86_64.jar\org\bytedeco\javacpp\windows-x86_64\api-ms-win-crt-stdio-l1-1-0.dll
0x00000144f98d0000 - 0x00000144f98d6000 	C:\Users\Admin\.javacpp\cache\javacpp-1.5.8-windows-x86_64.jar\org\bytedeco\javacpp\windows-x86_64\api-ms-win-crt-math-l1-1-0.dll
0x00000144f98e0000 - 0x00000144f98e4000 	C:\Users\Admin\.javacpp\cache\javacpp-1.5.8-windows-x86_64.jar\org\bytedeco\javacpp\windows-x86_64\api-ms-win-crt-heap-l1-1-0.dll
0x00000144f98f0000 - 0x00000144f98f5000 	C:\Users\Admin\.javacpp\cache\javacpp-1.5.8-windows-x86_64.jar\org\bytedeco\javacpp\windows-x86_64\api-ms-win-crt-runtime-l1-1-0.dll
0x00000144f9900000 - 0x00000144f9905000 	C:\Users\Admin\.javacpp\cache\javacpp-1.5.8-windows-x86_64.jar\org\bytedeco\javacpp\windows-x86_64\api-ms-win-crt-convert-l1-1-0.dll
0x00000144f9910000 - 0x00000144f9914000 	C:\Users\Admin\.javacpp\cache\javacpp-1.5.8-windows-x86_64.jar\org\bytedeco\javacpp\windows-x86_64\api-ms-win-crt-environment-l1-1-0.dll
0x00000144f9920000 - 0x00000144f9924000 	C:\Users\Admin\.javacpp\cache\javacpp-1.5.8-windows-x86_64.jar\org\bytedeco\javacpp\windows-x86_64\api-ms-win-crt-time-l1-1-0.dll
0x00000144f9930000 - 0x00000144f9934000 	C:\Users\Admin\.javacpp\cache\javacpp-1.5.8-windows-x86_64.jar\org\bytedeco\javacpp\windows-x86_64\api-ms-win-crt-filesystem-l1-1-0.dll
0x00000144f9940000 - 0x00000144f9944000 	C:\Users\Admin\.javacpp\cache\javacpp-1.5.8-windows-x86_64.jar\org\bytedeco\javacpp\windows-x86_64\api-ms-win-crt-utility-l1-1-0.dll
0x00000144f9950000 - 0x00000144f9956000 	C:\Users\Admin\.javacpp\cache\javacpp-1.5.8-windows-x86_64.jar\org\bytedeco\javacpp\windows-x86_64\api-ms-win-crt-multibyte-l1-1-0.dll
0x00000144f9960000 - 0x00000144f9964000 	C:\Users\Admin\.javacpp\cache\javacpp-1.5.8-windows-x86_64.jar\org\bytedeco\javacpp\windows-x86_64\api-ms-win-crt-conio-l1-1-0.dll
0x00000144f9970000 - 0x00000144f9981000 	C:\Users\Admin\.javacpp\cache\javacpp-1.5.8-windows-x86_64.jar\org\bytedeco\javacpp\windows-x86_64\api-ms-win-crt-private-l1-1-0.dll
0x00000144f9990000 - 0x00000144f9994000 	C:\Users\Admin\.javacpp\cache\javacpp-1.5.8-windows-x86_64.jar\org\bytedeco\javacpp\windows-x86_64\api-ms-win-crt-process-l1-1-0.dll
0x00000144f99a0000 - 0x00000144f99a4000 	C:\Users\Admin\.javacpp\cache\javacpp-1.5.8-windows-x86_64.jar\org\bytedeco\javacpp\windows-x86_64\api-ms-win-core-console-l1-2-0.dll
0x00000144f99b0000 - 0x00000144f99b4000 	C:\Users\Admin\.javacpp\cache\javacpp-1.5.8-windows-x86_64.jar\org\bytedeco\javacpp\windows-x86_64\api-ms-win-core-string-l1-1-0.dll
0x00000144f99c0000 - 0x00000144f99c4000 	C:\Users\Admin\.javacpp\cache\javacpp-1.5.8-windows-x86_64.jar\org\bytedeco\javacpp\windows-x86_64\api-ms-win-core-errorhandling-l1-1-0.dll
0x00000144f99d0000 - 0x00000144f99d4000 	C:\Users\Admin\.javacpp\cache\javacpp-1.5.8-windows-x86_64.jar\org\bytedeco\javacpp\windows-x86_64\api-ms-win-core-timezone-l1-1-0.dll
0x00000144f99e0000 - 0x00000144f99e5000 	C:\Users\Admin\.javacpp\cache\javacpp-1.5.8-windows-x86_64.jar\org\bytedeco\javacpp\windows-x86_64\api-ms-win-core-file-l1-1-0.dll
0x00000144f99f0000 - 0x00000144f99f4000 	C:\Users\Admin\.javacpp\cache\javacpp-1.5.8-windows-x86_64.jar\org\bytedeco\javacpp\windows-x86_64\api-ms-win-core-namedpipe-l1-1-0.dll
0x00000144f9a00000 - 0x00000144f9a04000 	C:\Users\Admin\.javacpp\cache\javacpp-1.5.8-windows-x86_64.jar\org\bytedeco\javacpp\windows-x86_64\api-ms-win-core-handle-l1-1-0.dll
0x00000144f9a10000 - 0x00000144f9a14000 	C:\Users\Admin\.javacpp\cache\javacpp-1.5.8-windows-x86_64.jar\org\bytedeco\javacpp\windows-x86_64\api-ms-win-core-file-l2-1-0.dll
0x00000144f9a20000 - 0x00000144f9a24000 	C:\Users\Admin\.javacpp\cache\javacpp-1.5.8-windows-x86_64.jar\org\bytedeco\javacpp\windows-x86_64\api-ms-win-core-heap-l1-1-0.dll
0x00000144f9a30000 - 0x00000144f9a34000 	C:\Users\Admin\.javacpp\cache\javacpp-1.5.8-windows-x86_64.jar\org\bytedeco\javacpp\windows-x86_64\api-ms-win-core-libraryloader-l1-1-0.dll
0x00000144f9a40000 - 0x00000144f9a44000 	C:\Users\Admin\.javacpp\cache\javacpp-1.5.8-windows-x86_64.jar\org\bytedeco\javacpp\windows-x86_64\api-ms-win-core-synch-l1-1-0.dll
0x00000144f9a50000 - 0x00000144f9a54000 	C:\Users\Admin\.javacpp\cache\javacpp-1.5.8-windows-x86_64.jar\org\bytedeco\javacpp\windows-x86_64\api-ms-win-core-processthreads-l1-1-0.dll
0x00000144f9a60000 - 0x00000144f9a64000 	C:\Users\Admin\.javacpp\cache\javacpp-1.5.8-windows-x86_64.jar\org\bytedeco\javacpp\windows-x86_64\api-ms-win-core-processenvironment-l1-1-0.dll
0x00000144f9a70000 - 0x00000144f9a74000 	C:\Users\Admin\.javacpp\cache\javacpp-1.5.8-windows-x86_64.jar\org\bytedeco\javacpp\windows-x86_64\api-ms-win-core-datetime-l1-1-0.dll
0x00000144f9a80000 - 0x00000144f9a84000 	C:\Users\Admin\.javacpp\cache\javacpp-1.5.8-windows-x86_64.jar\org\bytedeco\javacpp\windows-x86_64\api-ms-win-core-localization-l1-2-0.dll
0x00000144f9a90000 - 0x00000144f9a94000 	C:\Users\Admin\.javacpp\cache\javacpp-1.5.8-windows-x86_64.jar\org\bytedeco\javacpp\windows-x86_64\api-ms-win-core-sysinfo-l1-1-0.dll
0x00000144f9aa0000 - 0x00000144f9aa4000 	C:\Users\Admin\.javacpp\cache\javacpp-1.5.8-windows-x86_64.jar\org\bytedeco\javacpp\windows-x86_64\api-ms-win-core-synch-l1-2-0.dll
0x00000144f9ab0000 - 0x00000144f9ab4000 	C:\Users\Admin\.javacpp\cache\javacpp-1.5.8-windows-x86_64.jar\org\bytedeco\javacpp\windows-x86_64\api-ms-win-core-console-l1-1-0.dll
0x00000144f9ae0000 - 0x00000144f9ae4000 	C:\Users\Admin\.javacpp\cache\javacpp-1.5.8-windows-x86_64.jar\org\bytedeco\javacpp\windows-x86_64\api-ms-win-core-debug-l1-1-0.dll
0x00000144f9af0000 - 0x00000144f9af4000 	C:\Users\Admin\.javacpp\cache\javacpp-1.5.8-windows-x86_64.jar\org\bytedeco\javacpp\windows-x86_64\api-ms-win-core-rtlsupport-l1-1-0.dll
0x00000144f9b00000 - 0x00000144f9b04000 	C:\Users\Admin\.javacpp\cache\javacpp-1.5.8-windows-x86_64.jar\org\bytedeco\javacpp\windows-x86_64\api-ms-win-core-processthreads-l1-1-1.dll
0x00000144f9b10000 - 0x00000144f9b14000 	C:\Users\Admin\.javacpp\cache\javacpp-1.5.8-windows-x86_64.jar\org\bytedeco\javacpp\windows-x86_64\api-ms-win-core-file-l1-2-0.dll
0x00000144f9b20000 - 0x00000144f9b24000 	C:\Users\Admin\.javacpp\cache\javacpp-1.5.8-windows-x86_64.jar\org\bytedeco\javacpp\windows-x86_64\api-ms-win-core-profile-l1-1-0.dll
0x00000144fb120000 - 0x00000144fb124000 	C:\Users\Admin\.javacpp\cache\javacpp-1.5.8-windows-x86_64.jar\org\bytedeco\javacpp\windows-x86_64\api-ms-win-core-memory-l1-1-0.dll
0x00000144fb130000 - 0x00000144fb134000 	C:\Users\Admin\.javacpp\cache\javacpp-1.5.8-windows-x86_64.jar\org\bytedeco\javacpp\windows-x86_64\api-ms-win-core-util-l1-1-0.dll
0x00000144fb140000 - 0x00000144fb144000 	C:\Users\Admin\.javacpp\cache\javacpp-1.5.8-windows-x86_64.jar\org\bytedeco\javacpp\windows-x86_64\api-ms-win-core-interlocked-l1-1-0.dll
0x00007ffe938e0000 - 0x00007ffe939f1000 	C:\Users\Admin\.javacpp\cache\javacpp-1.5.8-windows-x86_64.jar\org\bytedeco\javacpp\windows-x86_64\ucrtbase.dll
0x00007ffea6410000 - 0x00007ffea642b000 	C:\Users\Admin\.javacpp\cache\javacpp-1.5.8-windows-x86_64.jar\org\bytedeco\javacpp\windows-x86_64\vcruntime140.dll
0x00007ffea6400000 - 0x00007ffea640c000 	C:\Users\Admin\.javacpp\cache\javacpp-1.5.8-windows-x86_64.jar\org\bytedeco\javacpp\windows-x86_64\vcruntime140_1.dll
0x00007ffea5e80000 - 0x00007ffea5f0d000 	C:\Users\Admin\.javacpp\cache\javacpp-1.5.8-windows-x86_64.jar\org\bytedeco\javacpp\windows-x86_64\msvcp140.dll
0x00007ffea5e70000 - 0x00007ffea5e79000 	C:\Users\Admin\.javacpp\cache\javacpp-1.5.8-windows-x86_64.jar\org\bytedeco\javacpp\windows-x86_64\msvcp140_1.dll
0x00007ffea5d90000 - 0x00007ffea5dde000 	C:\Users\Admin\.javacpp\cache\javacpp-1.5.8-windows-x86_64.jar\org\bytedeco\javacpp\windows-x86_64\concrt140.dll
0x00007ffe9f760000 - 0x00007ffe9f791000 	C:\Users\Admin\.javacpp\cache\javacpp-1.5.8-windows-x86_64.jar\org\bytedeco\javacpp\windows-x86_64\vcomp140.dll
0x00007ffea5e60000 - 0x00007ffea5e6f000 	C:\Users\Admin\.javacpp\cache\javacpp-1.5.8-windows-x86_64.jar\org\bytedeco\javacpp\windows-x86_64\jnijavacpp.dll
0x00007ffea5c00000 - 0x00007ffea5c16000 	C:\Users\Admin\.javacpp\cache\leptonica-1.82.0-1.5.8-windows-x86_64.jar\org\bytedeco\leptonica\windows-x86_64\libwinpthread-1.dll
0x00007ffea0710000 - 0x00007ffea072c000 	C:\Users\Admin\.javacpp\cache\leptonica-1.82.0-1.5.8-windows-x86_64.jar\org\bytedeco\leptonica\windows-x86_64\libgcc_s_seh-1.dll
0x00007ffe96410000 - 0x00007ffe96452000 	C:\Users\Admin\.javacpp\cache\leptonica-1.82.0-1.5.8-windows-x86_64.jar\org\bytedeco\leptonica\windows-x86_64\libgomp-1.dll
0x00007ffe5d7f0000 - 0x00007ffe5d9a1000 	C:\Users\Admin\.javacpp\cache\leptonica-1.82.0-1.5.8-windows-x86_64.jar\org\bytedeco\leptonica\windows-x86_64\libstdc++-6.dll
0x0000000063ac0000 - 0x000000006401d000 	C:\Users\Admin\.javacpp\cache\leptonica-1.82.0-1.5.8-windows-x86_64.jar\org\bytedeco\leptonica\windows-x86_64\libleptonica-5.dll
0x0000000062040000 - 0x000000006231f000 	C:\Users\Admin\.javacpp\cache\leptonica-1.82.0-1.5.8-windows-x86_64.jar\org\bytedeco\leptonica\windows-x86_64\jnileptonica.dll
0x0000000000980000 - 0x0000000000cc1000 	C:\Users\Admin\.javacpp\cache\tesseract-5.2.0-1.5.8-windows-x86_64.jar\org\bytedeco\tesseract\windows-x86_64\libtesseract52.dll
0x0000000065440000 - 0x00000000654ca000 	C:\Users\Admin\.javacpp\cache\tesseract-5.2.0-1.5.8-windows-x86_64.jar\org\bytedeco\tesseract\windows-x86_64\jnitesseract.dll

dbghelp: loaded successfully - version: 4.0.5 - missing functions: none
symbol engine: initialized successfully - sym options: 0x614 - pdb path: .;C:\Program Files\Java\jdk-17\bin;C:\Windows\SYSTEM32;C:\Windows\WinSxS\amd64_microsoft.windows.common-controls_6595b64144ccf1df_6.0.22000.120_none_9d947278b86cc467;C:\Program Files\Java\jdk-17\bin\server;C:\Users\Admin\.javacpp\cache\javacpp-1.5.8-windows-x86_64.jar\org\bytedeco\javacpp\windows-x86_64;C:\Users\Admin\.javacpp\cache\leptonica-1.82.0-1.5.8-windows-x86_64.jar\org\bytedeco\leptonica\windows-x86_64;C:\Users\Admin\.javacpp\cache\tesseract-5.2.0-1.5.8-windows-x86_64.jar\org\bytedeco\tesseract\windows-x86_64

VM Arguments:
java_command: tess.tesseractReader.TesseractApi
java_class_path (initial): z:\tesseract_reader\target\classes;C:\Users\Admin\.m2\repository\org\bytedeco\tesseract-platform\5.2.0-1.5.8\tesseract-platform-5.2.0-1.5.8.jar;C:\Users\Admin\.m2\repository\org\bytedeco\leptonica-platform\1.82.0-1.5.8\leptonica-platform-1.82.0-1.5.8.jar;C:\Users\Admin\.m2\repository\org\bytedeco\javacpp-platform\1.5.8\javacpp-platform-1.5.8.jar;C:\Users\Admin\.m2\repository\org\bytedeco\javacpp\1.5.8\javacpp-1.5.8-android-arm.jar;C:\Users\Admin\.m2\repository\org\bytedeco\javacpp\1.5.8\javacpp-1.5.8-android-arm64.jar;C:\Users\Admin\.m2\repository\org\bytedeco\javacpp\1.5.8\javacpp-1.5.8-android-x86.jar;C:\Users\Admin\.m2\repository\org\bytedeco\javacpp\1.5.8\javacpp-1.5.8-android-x86_64.jar;C:\Users\Admin\.m2\repository\org\bytedeco\javacpp\1.5.8\javacpp-1.5.8-ios-arm64.jar;C:\Users\Admin\.m2\repository\org\bytedeco\javacpp\1.5.8\javacpp-1.5.8-ios-x86_64.jar;C:\Users\Admin\.m2\repository\org\bytedeco\javacpp\1.5.8\javacpp-1.5.8-linux-armhf.jar;C:\Users\Admin\.m2\repository\org\bytedeco\javacpp\1.5.8\javacpp-1.5.8-linux-arm64.jar;C:\Users\Admin\.m2\repository\org\bytedeco\javacpp\1.5.8\javacpp-1.5.8-linux-ppc64le.jar;C:\Users\Admin\.m2\repository\org\bytedeco\javacpp\1.5.8\javacpp-1.5.8-linux-x86.jar;C:\Users\Admin\.m2\repository\org\bytedeco\javacpp\1.5.8\javacpp-1.5.8-linux-x86_64.jar;C:\Users\Admin\.m2\repository\org\bytedeco\javacpp\1.5.8\javacpp-1.5.8-macosx-arm64.jar;C:\Users\Admin\.m2\repository\org\bytedeco\javacpp\1.5.8\javacpp-1.5.8-macosx-x86_64.jar;C:\Users\Admin\.m2\repository\org\bytedeco\javacpp\1.5.8\javacpp-1.5.8-windows-x86.jar;C:\Users\Admin\.m2\repository\org\bytedeco\javacpp\1.5.8\javacpp-1.5.8-windows-x86_64.jar;C:\Users\Admin\.m2\repository\org\bytedeco\leptonica\1.82.0-1.5.8\leptonica-1.82.0-1.5.8.jar;C:\Users\Admin\.m2\repository\org\bytedeco\leptonica\1.82.0-1.5.8\leptonica-1.82.0-1.5.8-android-arm.jar;C:\Users\Admin\.m2\repository\org\bytedeco\leptonica\1.82.0-1.5.8\leptonica-1.82.0-1.5.8-android-arm64.jar;C:\U
Launcher Type: SUN_STANDARD

[Global flags]
     intx CICompilerCount                          = 4                                         {product} {ergonomic}
     uint ConcGCThreads                            = 3                                         {product} {ergonomic}
     uint G1ConcRefinementThreads                  = 10                                        {product} {ergonomic}
   size_t G1HeapRegionSize                         = 2097152                                   {product} {ergonomic}
    uintx GCDrainStackTargetSize                   = 64                                        {product} {ergonomic}
   size_t InitialHeapSize                          = 257949696                                 {product} {ergonomic}
   size_t MarkStackSize                            = 4194304                                   {product} {ergonomic}
   size_t MaxHeapSize                              = 4123000832                                {product} {ergonomic}
   size_t MaxNewSize                               = 2472542208                                {product} {ergonomic}
   size_t MinHeapDeltaBytes                        = 2097152                                   {product} {ergonomic}
   size_t MinHeapSize                              = 8388608                                   {product} {ergonomic}
    uintx NonNMethodCodeHeapSize                   = 5839372                                {pd product} {ergonomic}
    uintx NonProfiledCodeHeapSize                  = 122909434                              {pd product} {ergonomic}
    uintx ProfiledCodeHeapSize                     = 122909434                              {pd product} {ergonomic}
    uintx ReservedCodeCacheSize                    = 251658240                              {pd product} {ergonomic}
     bool SegmentedCodeCache                       = true                                      {product} {ergonomic}
   size_t SoftMaxHeapSize                          = 4123000832                             {manageable} {ergonomic}
     bool UseCompressedClassPointers               = true                           {product lp64_product} {ergonomic}
     bool UseCompressedOops                        = true                           {product lp64_product} {ergonomic}
     bool UseG1GC                                  = true                                      {product} {ergonomic}
     bool UseLargePagesIndividualAllocation        = false                                  {pd product} {ergonomic}

Logging:
Log output configuration:
 #0: stdout all=warning uptime,level,tags
 #1: stderr all=off uptime,level,tags

Environment Variables:
JAVA_HOME=C:\Program Files\Java\jdk-17
PATH=C:\Program Files\Common Files\Oracle\Java\javapath;C:\Windows\system32;C:\Windows;C:\Windows\System32\Wbem;C:\Windows\System32\WindowsPowerShell\v1.0\;C:\Windows\System32\OpenSSH\;C:\Program Files (x86)\NVIDIA Corporation\PhysX\Common;C:\Program Files\NVIDIA Corporation\NVIDIA NvDLISR;C:\Program Files (x86)\Bitvise SSH Client;C:\Program Files\Git\cmd;C:\Users\Admin\AppData\Local\Programs\Python\Python39\Scripts\;C:\Users\Admin\AppData\Local\Programs\Python\Python39\;C:\Users\Admin\AppData\Local\Microsoft\WindowsApps;;C:\Users\Admin\AppData\Local\Programs\Microsoft VS Code\bin
USERNAME=Admin
OS=Windows_NT
PROCESSOR_IDENTIFIER=AMD64 Family 25 Model 80 Stepping 0, AuthenticAMD



---------------  S Y S T E M  ---------------

OS:
 Windows 11 , 64 bit Build 22000 (10.0.22000.318)
OS uptime: 0 days 2:13 hours

CPU: total 12 (initial active 12) (12 cores per cpu, 2 threads per core) family 25 model 80 stepping 0 microcode 0x0, cx8, cmov, fxsr, ht, mmx, 3dnowpref, sse, sse2, sse3, ssse3, sse4a, sse4.1, sse4.2, popcnt, lzcnt, tsc, tscinvbit, avx, avx2, aes, erms, clmul, bmi1, bmi2, adx, sha, fma, vzeroupper, clflush, clflushopt

Memory: 4k page, system-wide physical 15724M (6094M free)
TotalPageFile size 18668M (AvailPageFile size 6498M)
current process WorkingSet (physical memory assigned to process): 202M, peak: 211M
current process commit charge ("private bytes"): 339M, peak: 417M

vm_info: Java HotSpot(TM) 64-Bit Server VM (17.0.8+9-LTS-211) for windows-amd64 JRE (17.0.8+9-LTS-211), built on Jun 14 2023 10:34:31 by "mach5one" with MS VC++ 17.1 (VS2022)

END.
